0 info it worked if it ends with ok
1 verbose cli [ '/usr/bin/nodejs', '/usr/local/bin/npm', 'install' ]
2 info using npm@3.3.6
3 info using node@v4.2.4
4 silly loadCurrentTree Starting
5 silly install loadCurrentTree
6 silly install readLocalPackageData
7 silly install normalizeTree
8 silly loadCurrentTree Finishing
9 silly loadIdealTree Starting
10 silly install loadIdealTree
11 silly cloneCurrentTree Starting
12 silly install cloneCurrentTreeToIdealTree
13 silly cloneCurrentTree Finishing
14 silly loadShrinkwrap Starting
15 silly install loadShrinkwrap
16 silly loadShrinkwrap Finishing
17 silly loadAllDepsIntoIdealTree Starting
18 silly install loadAllDepsIntoIdealTree
19 silly fetchNamedPackageData browser-sync
20 silly mapToRegistry name browser-sync
21 silly mapToRegistry using default registry
22 silly mapToRegistry registry https://registry.npmjs.org/
23 silly mapToRegistry uri https://registry.npmjs.org/browser-sync
24 silly fetchNamedPackageData gulp
25 silly mapToRegistry name gulp
26 silly mapToRegistry using default registry
27 silly mapToRegistry registry https://registry.npmjs.org/
28 silly mapToRegistry uri https://registry.npmjs.org/gulp
29 silly fetchNamedPackageData gulp-autoprefixer
30 silly mapToRegistry name gulp-autoprefixer
31 silly mapToRegistry using default registry
32 silly mapToRegistry registry https://registry.npmjs.org/
33 silly mapToRegistry uri https://registry.npmjs.org/gulp-autoprefixer
34 silly fetchNamedPackageData gulp-changed
35 silly mapToRegistry name gulp-changed
36 silly mapToRegistry using default registry
37 silly mapToRegistry registry https://registry.npmjs.org/
38 silly mapToRegistry uri https://registry.npmjs.org/gulp-changed
39 silly fetchNamedPackageData gulp-clean
40 silly mapToRegistry name gulp-clean
41 silly mapToRegistry using default registry
42 silly mapToRegistry registry https://registry.npmjs.org/
43 silly mapToRegistry uri https://registry.npmjs.org/gulp-clean
44 silly fetchNamedPackageData gulp-concat
45 silly mapToRegistry name gulp-concat
46 silly mapToRegistry using default registry
47 silly mapToRegistry registry https://registry.npmjs.org/
48 silly mapToRegistry uri https://registry.npmjs.org/gulp-concat
49 silly fetchNamedPackageData gulp-imagemin
50 silly mapToRegistry name gulp-imagemin
51 silly mapToRegistry using default registry
52 silly mapToRegistry registry https://registry.npmjs.org/
53 silly mapToRegistry uri https://registry.npmjs.org/gulp-imagemin
54 silly fetchNamedPackageData gulp-jshint
55 silly mapToRegistry name gulp-jshint
56 silly mapToRegistry using default registry
57 silly mapToRegistry registry https://registry.npmjs.org/
58 silly mapToRegistry uri https://registry.npmjs.org/gulp-jshint
59 silly fetchNamedPackageData gulp-less
60 silly mapToRegistry name gulp-less
61 silly mapToRegistry using default registry
62 silly mapToRegistry registry https://registry.npmjs.org/
63 silly mapToRegistry uri https://registry.npmjs.org/gulp-less
64 silly fetchNamedPackageData gulp-minify-css
65 silly mapToRegistry name gulp-minify-css
66 silly mapToRegistry using default registry
67 silly mapToRegistry registry https://registry.npmjs.org/
68 silly mapToRegistry uri https://registry.npmjs.org/gulp-minify-css
69 silly fetchNamedPackageData gulp-notify
70 silly mapToRegistry name gulp-notify
71 silly mapToRegistry using default registry
72 silly mapToRegistry registry https://registry.npmjs.org/
73 silly mapToRegistry uri https://registry.npmjs.org/gulp-notify
74 silly fetchNamedPackageData gulp-rename
75 silly mapToRegistry name gulp-rename
76 silly mapToRegistry using default registry
77 silly mapToRegistry registry https://registry.npmjs.org/
78 silly mapToRegistry uri https://registry.npmjs.org/gulp-rename
79 silly fetchNamedPackageData gulp-uglify
80 silly mapToRegistry name gulp-uglify
81 silly mapToRegistry using default registry
82 silly mapToRegistry registry https://registry.npmjs.org/
83 silly mapToRegistry uri https://registry.npmjs.org/gulp-uglify
84 silly fetchNamedPackageData imagemin-pngquant
85 silly mapToRegistry name imagemin-pngquant
86 silly mapToRegistry using default registry
87 silly mapToRegistry registry https://registry.npmjs.org/
88 silly mapToRegistry uri https://registry.npmjs.org/imagemin-pngquant
89 silly fetchNamedPackageData jshint
90 silly mapToRegistry name jshint
91 silly mapToRegistry using default registry
92 silly mapToRegistry registry https://registry.npmjs.org/
93 silly mapToRegistry uri https://registry.npmjs.org/jshint
94 silly fetchNamedPackageData run-sequence
95 silly mapToRegistry name run-sequence
96 silly mapToRegistry using default registry
97 silly mapToRegistry registry https://registry.npmjs.org/
98 silly mapToRegistry uri https://registry.npmjs.org/run-sequence
99 verbose request uri https://registry.npmjs.org/run-sequence
100 verbose request no auth needed
101 info attempt registry request try #1 at 18:22:20
102 verbose request id 18591df7057f944c
103 http request GET https://registry.npmjs.org/run-sequence
104 verbose request uri https://registry.npmjs.org/gulp-concat
105 verbose request no auth needed
106 info attempt registry request try #1 at 18:22:20
107 verbose etag "CMEGK4G1V9QBDU1JWWLZ8WPIC"
108 http request GET https://registry.npmjs.org/gulp-concat
109 verbose request uri https://registry.npmjs.org/browser-sync
110 verbose request no auth needed
111 info attempt registry request try #1 at 18:22:20
112 verbose etag "EVM4SBD0REZCJP7SFAB52E7WC"
113 http request GET https://registry.npmjs.org/browser-sync
114 verbose request uri https://registry.npmjs.org/gulp-changed
115 verbose request no auth needed
116 info attempt registry request try #1 at 18:22:20
117 verbose etag "8VQGAFCJ71YCBW8ZBFZ3LPGIB"
118 http request GET https://registry.npmjs.org/gulp-changed
119 verbose request uri https://registry.npmjs.org/gulp-autoprefixer
120 verbose request no auth needed
121 info attempt registry request try #1 at 18:22:20
122 verbose etag "1G6ZHFZLBAOLHOLGP3GV1B6MW"
123 http request GET https://registry.npmjs.org/gulp-autoprefixer
124 verbose request uri https://registry.npmjs.org/gulp
125 verbose request no auth needed
126 info attempt registry request try #1 at 18:22:20
127 verbose etag "A4X1RG1OSJN1APSP48CGMGFEW"
128 http request GET https://registry.npmjs.org/gulp
129 verbose request uri https://registry.npmjs.org/gulp-minify-css
130 verbose request no auth needed
131 info attempt registry request try #1 at 18:22:20
132 verbose etag "1T45AJ0E5QSYT1Y5LAF57VKHK"
133 http request GET https://registry.npmjs.org/gulp-minify-css
134 verbose request uri https://registry.npmjs.org/gulp-imagemin
135 verbose request no auth needed
136 info attempt registry request try #1 at 18:22:20
137 verbose etag "9K17BVJXTB5ZJ3C1FJAGT2C4G"
138 http request GET https://registry.npmjs.org/gulp-imagemin
139 verbose request uri https://registry.npmjs.org/gulp-notify
140 verbose request no auth needed
141 info attempt registry request try #1 at 18:22:20
142 verbose etag "3UYTWKEMP75RJ6WO3QWIORC60"
143 http request GET https://registry.npmjs.org/gulp-notify
144 verbose request uri https://registry.npmjs.org/imagemin-pngquant
145 verbose request no auth needed
146 info attempt registry request try #1 at 18:22:20
147 verbose etag "AIZYVHKMOBEYYCQQ8OTEQ2JEX"
148 http request GET https://registry.npmjs.org/imagemin-pngquant
149 verbose request uri https://registry.npmjs.org/gulp-rename
150 verbose request no auth needed
151 info attempt registry request try #1 at 18:22:20
152 verbose etag "C9PC8IQGTXTNTPILG1U2W205X"
153 http request GET https://registry.npmjs.org/gulp-rename
154 verbose request uri https://registry.npmjs.org/jshint
155 verbose request no auth needed
156 info attempt registry request try #1 at 18:22:22
157 verbose etag "23M9DD6182UR5NQII8T28E905"
158 http request GET https://registry.npmjs.org/jshint
159 verbose request uri https://registry.npmjs.org/gulp-less
160 verbose request no auth needed
161 info attempt registry request try #1 at 18:22:22
162 verbose etag "DULXJ6KVVFOLEWOH0YGELAPN1"
163 http request GET https://registry.npmjs.org/gulp-less
164 verbose request uri https://registry.npmjs.org/gulp-uglify
165 verbose request no auth needed
166 info attempt registry request try #1 at 18:22:22
167 verbose etag "G8DN6PUJOVQ1LK0X3U6Z8KT1"
168 http request GET https://registry.npmjs.org/gulp-uglify
169 verbose request uri https://registry.npmjs.org/gulp-clean
170 verbose request no auth needed
171 info attempt registry request try #1 at 18:22:22
172 verbose etag "377CHOE9IAYMRQCODFO9I54FF"
173 http request GET https://registry.npmjs.org/gulp-clean
174 verbose request uri https://registry.npmjs.org/gulp-jshint
175 verbose request no auth needed
176 info attempt registry request try #1 at 18:22:22
177 verbose etag "3QGHCBVP95WROCXSSRNSH0CBT"
178 http request GET https://registry.npmjs.org/gulp-jshint
179 http 200 https://registry.npmjs.org/gulp-clean
180 verbose headers { server: 'CouchDB/1.5.0 (Erlang OTP/R16B03)',
180 verbose headers   etag: '"5ZR1DSYWOFEZPJUNO0WFRNSAS"',
180 verbose headers   'content-type': 'application/json',
180 verbose headers   'cache-control': 'max-age=300',
180 verbose headers   'content-length': '14237',
180 verbose headers   'accept-ranges': 'bytes',
180 verbose headers   date: 'Fri, 05 Feb 2016 10:22:23 GMT',
180 verbose headers   via: '1.1 varnish',
180 verbose headers   age: '13',
180 verbose headers   connection: 'keep-alive',
180 verbose headers   'x-served-by': 'cache-sjc3621-SJC',
180 verbose headers   'x-cache': 'HIT',
180 verbose headers   'x-cache-hits': '1',
180 verbose headers   'x-timer': 'S1454667743.032486,VS0,VE0',
180 verbose headers   vary: 'Accept' }
181 silly get cb [ 200,
181 silly get   { server: 'CouchDB/1.5.0 (Erlang OTP/R16B03)',
181 silly get     etag: '"5ZR1DSYWOFEZPJUNO0WFRNSAS"',
181 silly get     'content-type': 'application/json',
181 silly get     'cache-control': 'max-age=300',
181 silly get     'content-length': '14237',
181 silly get     'accept-ranges': 'bytes',
181 silly get     date: 'Fri, 05 Feb 2016 10:22:23 GMT',
181 silly get     via: '1.1 varnish',
181 silly get     age: '13',
181 silly get     connection: 'keep-alive',
181 silly get     'x-served-by': 'cache-sjc3621-SJC',
181 silly get     'x-cache': 'HIT',
181 silly get     'x-cache-hits': '1',
181 silly get     'x-timer': 'S1454667743.032486,VS0,VE0',
181 silly get     vary: 'Accept' } ]
182 verbose get saving gulp-clean to /home/zjp/.npm/registry.npmjs.org/gulp-clean/.cache.json
183 silly resolveWithNewModule gulp-clean@0.3.1 checking installable status
184 silly cache add args [ 'gulp-clean@^0.3.1', null ]
185 verbose cache add spec gulp-clean@^0.3.1
186 silly cache add parsed spec Result {
186 silly cache add   raw: 'gulp-clean@^0.3.1',
186 silly cache add   scope: null,
186 silly cache add   name: 'gulp-clean',
186 silly cache add   rawSpec: '^0.3.1',
186 silly cache add   spec: '>=0.3.1 <0.4.0',
186 silly cache add   type: 'range' }
187 silly addNamed gulp-clean@>=0.3.1 <0.4.0
188 verbose addNamed ">=0.3.1 <0.4.0" is a valid semver range for gulp-clean
189 silly addNameRange { name: 'gulp-clean', range: '>=0.3.1 <0.4.0', hasData: false }
190 silly mapToRegistry name gulp-clean
191 silly mapToRegistry using default registry
192 silly mapToRegistry registry https://registry.npmjs.org/
193 silly mapToRegistry uri https://registry.npmjs.org/gulp-clean
194 verbose addNameRange registry:https://registry.npmjs.org/gulp-clean not in flight; fetching
195 verbose get https://registry.npmjs.org/gulp-clean not expired, no request
196 silly addNameRange number 2 { name: 'gulp-clean', range: '>=0.3.1 <0.4.0', hasData: true }
197 silly addNameRange versions [ 'gulp-clean',
197 silly addNameRange   [ '0.1.1',
197 silly addNameRange     '0.1.2',
197 silly addNameRange     '0.1.3',
197 silly addNameRange     '0.2.0',
197 silly addNameRange     '0.2.1',
197 silly addNameRange     '0.2.2',
197 silly addNameRange     '0.2.3',
197 silly addNameRange     '0.2.4',
197 silly addNameRange     '0.3.0',
197 silly addNameRange     '0.3.1' ] ]
198 silly addNamed gulp-clean@0.3.1
199 verbose addNamed "0.3.1" is a plain semver version for gulp-clean
200 warn deprecated gulp-clean@0.3.1: use gulp-rimraf instead
201 http 200 https://registry.npmjs.org/gulp-concat
202 verbose headers { server: 'CouchDB/1.5.0 (Erlang OTP/R16B03)',
202 verbose headers   etag: '"799GKQEH03CLXLJERBKZP9V8I"',
202 verbose headers   'content-type': 'application/json',
202 verbose headers   'cache-control': 'max-age=300',
202 verbose headers   'content-length': '38712',
202 verbose headers   'accept-ranges': 'bytes',
202 verbose headers   date: 'Fri, 05 Feb 2016 10:22:22 GMT',
202 verbose headers   via: '1.1 varnish',
202 verbose headers   age: '54',
202 verbose headers   connection: 'keep-alive',
202 verbose headers   'x-served-by': 'cache-sjc3648-SJC',
202 verbose headers   'x-cache': 'HIT',
202 verbose headers   'x-cache-hits': '1',
202 verbose headers   'x-timer': 'S1454667742.985064,VS0,VE0',
202 verbose headers   vary: 'Accept' }
203 silly get cb [ 200,
203 silly get   { server: 'CouchDB/1.5.0 (Erlang OTP/R16B03)',
203 silly get     etag: '"799GKQEH03CLXLJERBKZP9V8I"',
203 silly get     'content-type': 'application/json',
203 silly get     'cache-control': 'max-age=300',
203 silly get     'content-length': '38712',
203 silly get     'accept-ranges': 'bytes',
203 silly get     date: 'Fri, 05 Feb 2016 10:22:22 GMT',
203 silly get     via: '1.1 varnish',
203 silly get     age: '54',
203 silly get     connection: 'keep-alive',
203 silly get     'x-served-by': 'cache-sjc3648-SJC',
203 silly get     'x-cache': 'HIT',
203 silly get     'x-cache-hits': '1',
203 silly get     'x-timer': 'S1454667742.985064,VS0,VE0',
203 silly get     vary: 'Accept' } ]
204 verbose get saving gulp-concat to /home/zjp/.npm/registry.npmjs.org/gulp-concat/.cache.json
205 http 200 https://registry.npmjs.org/gulp-rename
206 verbose headers { server: 'CouchDB/1.5.0 (Erlang OTP/R16B03)',
206 verbose headers   etag: '"6K3XDK50DIR2X9SC1HRG74NAX"',
206 verbose headers   'content-type': 'application/json',
206 verbose headers   'cache-control': 'max-age=300',
206 verbose headers   'content-length': '13704',
206 verbose headers   'accept-ranges': 'bytes',
206 verbose headers   date: 'Fri, 05 Feb 2016 10:22:23 GMT',
206 verbose headers   via: '1.1 varnish',
206 verbose headers   age: '96',
206 verbose headers   connection: 'keep-alive',
206 verbose headers   'x-served-by': 'cache-sjc3623-SJC',
206 verbose headers   'x-cache': 'HIT',
206 verbose headers   'x-cache-hits': '1',
206 verbose headers   'x-timer': 'S1454667743.356509,VS0,VE0',
206 verbose headers   vary: 'Accept' }
207 silly get cb [ 200,
207 silly get   { server: 'CouchDB/1.5.0 (Erlang OTP/R16B03)',
207 silly get     etag: '"6K3XDK50DIR2X9SC1HRG74NAX"',
207 silly get     'content-type': 'application/json',
207 silly get     'cache-control': 'max-age=300',
207 silly get     'content-length': '13704',
207 silly get     'accept-ranges': 'bytes',
207 silly get     date: 'Fri, 05 Feb 2016 10:22:23 GMT',
207 silly get     via: '1.1 varnish',
207 silly get     age: '96',
207 silly get     connection: 'keep-alive',
207 silly get     'x-served-by': 'cache-sjc3623-SJC',
207 silly get     'x-cache': 'HIT',
207 silly get     'x-cache-hits': '1',
207 silly get     'x-timer': 'S1454667743.356509,VS0,VE0',
207 silly get     vary: 'Accept' } ]
208 verbose get saving gulp-rename to /home/zjp/.npm/registry.npmjs.org/gulp-rename/.cache.json
209 silly resolveWithNewModule gulp-concat@2.6.0 checking installable status
210 silly cache add args [ 'gulp-concat@^2.6.0', null ]
211 verbose cache add spec gulp-concat@^2.6.0
212 silly cache add parsed spec Result {
212 silly cache add   raw: 'gulp-concat@^2.6.0',
212 silly cache add   scope: null,
212 silly cache add   name: 'gulp-concat',
212 silly cache add   rawSpec: '^2.6.0',
212 silly cache add   spec: '>=2.6.0 <3.0.0',
212 silly cache add   type: 'range' }
213 silly addNamed gulp-concat@>=2.6.0 <3.0.0
214 verbose addNamed ">=2.6.0 <3.0.0" is a valid semver range for gulp-concat
215 silly addNameRange { name: 'gulp-concat', range: '>=2.6.0 <3.0.0', hasData: false }
216 silly mapToRegistry name gulp-concat
217 silly mapToRegistry using default registry
218 silly mapToRegistry registry https://registry.npmjs.org/
219 silly mapToRegistry uri https://registry.npmjs.org/gulp-concat
220 verbose addNameRange registry:https://registry.npmjs.org/gulp-concat not in flight; fetching
221 silly resolveWithNewModule gulp-rename@1.2.2 checking installable status
222 silly cache add args [ 'gulp-rename@^1.2.2', null ]
223 verbose cache add spec gulp-rename@^1.2.2
224 silly cache add parsed spec Result {
224 silly cache add   raw: 'gulp-rename@^1.2.2',
224 silly cache add   scope: null,
224 silly cache add   name: 'gulp-rename',
224 silly cache add   rawSpec: '^1.2.2',
224 silly cache add   spec: '>=1.2.2 <2.0.0',
224 silly cache add   type: 'range' }
225 silly addNamed gulp-rename@>=1.2.2 <2.0.0
226 verbose addNamed ">=1.2.2 <2.0.0" is a valid semver range for gulp-rename
227 silly addNameRange { name: 'gulp-rename', range: '>=1.2.2 <2.0.0', hasData: false }
228 silly mapToRegistry name gulp-rename
229 silly mapToRegistry using default registry
230 silly mapToRegistry registry https://registry.npmjs.org/
231 silly mapToRegistry uri https://registry.npmjs.org/gulp-rename
232 verbose addNameRange registry:https://registry.npmjs.org/gulp-rename not in flight; fetching
233 silly cache afterAdd gulp-clean@0.3.1
234 verbose afterAdd /home/zjp/.npm/gulp-clean/0.3.1/package/package.json not in flight; writing
235 verbose get https://registry.npmjs.org/gulp-concat not expired, no request
236 silly addNameRange number 2 { name: 'gulp-concat', range: '>=2.6.0 <3.0.0', hasData: true }
237 silly addNameRange versions [ 'gulp-concat',
237 silly addNameRange   [ '0.0.1',
237 silly addNameRange     '1.0.0',
237 silly addNameRange     '1.1.0',
237 silly addNameRange     '2.0.0',
237 silly addNameRange     '2.1.0',
237 silly addNameRange     '2.1.1',
237 silly addNameRange     '2.1.2',
237 silly addNameRange     '2.1.3',
237 silly addNameRange     '2.1.4',
237 silly addNameRange     '2.1.5',
237 silly addNameRange     '2.1.6',
237 silly addNameRange     '2.1.7',
237 silly addNameRange     '2.2.0',
237 silly addNameRange     '2.3.0',
237 silly addNameRange     '2.3.3',
237 silly addNameRange     '2.3.4',
237 silly addNameRange     '2.3.5',
237 silly addNameRange     '2.4.0',
237 silly addNameRange     '2.4.1',
237 silly addNameRange     '2.4.2',
237 silly addNameRange     '2.4.3',
237 silly addNameRange     '2.5.0',
237 silly addNameRange     '2.5.1',
237 silly addNameRange     '2.5.2',
237 silly addNameRange     '2.6.0' ] ]
238 silly addNamed gulp-concat@2.6.0
239 verbose addNamed "2.6.0" is a plain semver version for gulp-concat
240 verbose get https://registry.npmjs.org/gulp-rename not expired, no request
241 silly addNameRange number 2 { name: 'gulp-rename', range: '>=1.2.2 <2.0.0', hasData: true }
242 silly addNameRange versions [ 'gulp-rename',
242 silly addNameRange   [ '0.1.0', '0.2.1', '0.2.2', '1.0.0', '1.1.0', '1.2.0', '1.2.2' ] ]
243 silly addNamed gulp-rename@1.2.2
244 verbose addNamed "1.2.2" is a plain semver version for gulp-rename
245 verbose afterAdd /home/zjp/.npm/gulp-clean/0.3.1/package/package.json written
246 silly cache afterAdd gulp-rename@1.2.2
247 verbose afterAdd /home/zjp/.npm/gulp-rename/1.2.2/package/package.json not in flight; writing
248 silly cache afterAdd gulp-concat@2.6.0
249 verbose afterAdd /home/zjp/.npm/gulp-concat/2.6.0/package/package.json not in flight; writing
250 verbose afterAdd /home/zjp/.npm/gulp-rename/1.2.2/package/package.json written
251 verbose afterAdd /home/zjp/.npm/gulp-concat/2.6.0/package/package.json written
252 http 200 https://registry.npmjs.org/gulp-changed
253 verbose headers { server: 'CouchDB/1.5.0 (Erlang OTP/R16B03)',
253 verbose headers   etag: '"6XMK80QIHJLAOWEEJOW82SFJO"',
253 verbose headers   'content-type': 'application/json',
253 verbose headers   'cache-control': 'max-age=300',
253 verbose headers   'content-length': '22139',
253 verbose headers   'accept-ranges': 'bytes',
253 verbose headers   date: 'Fri, 05 Feb 2016 10:22:23 GMT',
253 verbose headers   via: '1.1 varnish',
253 verbose headers   age: '0',
253 verbose headers   connection: 'keep-alive',
253 verbose headers   'x-served-by': 'cache-sjc3648-SJC',
253 verbose headers   'x-cache': 'HIT',
253 verbose headers   'x-cache-hits': '1',
253 verbose headers   'x-timer': 'S1454667743.322476,VS0,VE173',
253 verbose headers   vary: 'Accept' }
254 silly get cb [ 200,
254 silly get   { server: 'CouchDB/1.5.0 (Erlang OTP/R16B03)',
254 silly get     etag: '"6XMK80QIHJLAOWEEJOW82SFJO"',
254 silly get     'content-type': 'application/json',
254 silly get     'cache-control': 'max-age=300',
254 silly get     'content-length': '22139',
254 silly get     'accept-ranges': 'bytes',
254 silly get     date: 'Fri, 05 Feb 2016 10:22:23 GMT',
254 silly get     via: '1.1 varnish',
254 silly get     age: '0',
254 silly get     connection: 'keep-alive',
254 silly get     'x-served-by': 'cache-sjc3648-SJC',
254 silly get     'x-cache': 'HIT',
254 silly get     'x-cache-hits': '1',
254 silly get     'x-timer': 'S1454667743.322476,VS0,VE173',
254 silly get     vary: 'Accept' } ]
255 verbose get saving gulp-changed to /home/zjp/.npm/registry.npmjs.org/gulp-changed/.cache.json
256 silly resolveWithNewModule gulp-changed@1.3.0 checking installable status
257 silly cache add args [ 'gulp-changed@^1.3.0', null ]
258 verbose cache add spec gulp-changed@^1.3.0
259 silly cache add parsed spec Result {
259 silly cache add   raw: 'gulp-changed@^1.3.0',
259 silly cache add   scope: null,
259 silly cache add   name: 'gulp-changed',
259 silly cache add   rawSpec: '^1.3.0',
259 silly cache add   spec: '>=1.3.0 <2.0.0',
259 silly cache add   type: 'range' }
260 silly addNamed gulp-changed@>=1.3.0 <2.0.0
261 verbose addNamed ">=1.3.0 <2.0.0" is a valid semver range for gulp-changed
262 silly addNameRange { name: 'gulp-changed', range: '>=1.3.0 <2.0.0', hasData: false }
263 silly mapToRegistry name gulp-changed
264 silly mapToRegistry using default registry
265 silly mapToRegistry registry https://registry.npmjs.org/
266 silly mapToRegistry uri https://registry.npmjs.org/gulp-changed
267 verbose addNameRange registry:https://registry.npmjs.org/gulp-changed not in flight; fetching
268 verbose get https://registry.npmjs.org/gulp-changed not expired, no request
269 silly addNameRange number 2 { name: 'gulp-changed', range: '>=1.3.0 <2.0.0', hasData: true }
270 silly addNameRange versions [ 'gulp-changed',
270 silly addNameRange   [ '0.1.0',
270 silly addNameRange     '0.2.0',
270 silly addNameRange     '0.2.1',
270 silly addNameRange     '0.3.0',
270 silly addNameRange     '0.4.0',
270 silly addNameRange     '0.4.1',
270 silly addNameRange     '1.0.0',
270 silly addNameRange     '1.1.0',
270 silly addNameRange     '1.1.1',
270 silly addNameRange     '1.2.0',
270 silly addNameRange     '1.2.1',
270 silly addNameRange     '1.3.0' ] ]
271 silly addNamed gulp-changed@1.3.0
272 verbose addNamed "1.3.0" is a plain semver version for gulp-changed
273 silly cache afterAdd gulp-changed@1.3.0
274 verbose afterAdd /home/zjp/.npm/gulp-changed/1.3.0/package/package.json not in flight; writing
275 verbose afterAdd /home/zjp/.npm/gulp-changed/1.3.0/package/package.json written
276 http 200 https://registry.npmjs.org/gulp-less
277 verbose headers { server: 'CouchDB/1.5.0 (Erlang OTP/R16B03)',
277 verbose headers   etag: '"80DR9V17BSE7NNHHDTIDYA6ZR"',
277 verbose headers   'content-type': 'application/json',
277 verbose headers   'cache-control': 'max-age=300',
277 verbose headers   'content-length': '53903',
277 verbose headers   'accept-ranges': 'bytes',
277 verbose headers   date: 'Fri, 05 Feb 2016 10:22:23 GMT',
277 verbose headers   via: '1.1 varnish',
277 verbose headers   age: '21',
277 verbose headers   connection: 'keep-alive',
277 verbose headers   'x-served-by': 'cache-sjc3651-SJC',
277 verbose headers   'x-cache': 'HIT',
277 verbose headers   'x-cache-hits': '1',
277 verbose headers   'x-timer': 'S1454667743.023813,VS0,VE0',
277 verbose headers   vary: 'Accept' }
278 silly get cb [ 200,
278 silly get   { server: 'CouchDB/1.5.0 (Erlang OTP/R16B03)',
278 silly get     etag: '"80DR9V17BSE7NNHHDTIDYA6ZR"',
278 silly get     'content-type': 'application/json',
278 silly get     'cache-control': 'max-age=300',
278 silly get     'content-length': '53903',
278 silly get     'accept-ranges': 'bytes',
278 silly get     date: 'Fri, 05 Feb 2016 10:22:23 GMT',
278 silly get     via: '1.1 varnish',
278 silly get     age: '21',
278 silly get     connection: 'keep-alive',
278 silly get     'x-served-by': 'cache-sjc3651-SJC',
278 silly get     'x-cache': 'HIT',
278 silly get     'x-cache-hits': '1',
278 silly get     'x-timer': 'S1454667743.023813,VS0,VE0',
278 silly get     vary: 'Accept' } ]
279 verbose get saving gulp-less to /home/zjp/.npm/registry.npmjs.org/gulp-less/.cache.json
280 silly resolveWithNewModule gulp-less@3.0.5 checking installable status
281 silly cache add args [ 'gulp-less@^3.0.5', null ]
282 verbose cache add spec gulp-less@^3.0.5
283 silly cache add parsed spec Result {
283 silly cache add   raw: 'gulp-less@^3.0.5',
283 silly cache add   scope: null,
283 silly cache add   name: 'gulp-less',
283 silly cache add   rawSpec: '^3.0.5',
283 silly cache add   spec: '>=3.0.5 <4.0.0',
283 silly cache add   type: 'range' }
284 silly addNamed gulp-less@>=3.0.5 <4.0.0
285 verbose addNamed ">=3.0.5 <4.0.0" is a valid semver range for gulp-less
286 silly addNameRange { name: 'gulp-less', range: '>=3.0.5 <4.0.0', hasData: false }
287 silly mapToRegistry name gulp-less
288 silly mapToRegistry using default registry
289 silly mapToRegistry registry https://registry.npmjs.org/
290 silly mapToRegistry uri https://registry.npmjs.org/gulp-less
291 verbose addNameRange registry:https://registry.npmjs.org/gulp-less not in flight; fetching
292 verbose get https://registry.npmjs.org/gulp-less not expired, no request
293 silly addNameRange number 2 { name: 'gulp-less', range: '>=3.0.5 <4.0.0', hasData: true }
294 silly addNameRange versions [ 'gulp-less',
294 silly addNameRange   [ '0.0.0',
294 silly addNameRange     '0.0.1',
294 silly addNameRange     '0.0.2',
294 silly addNameRange     '0.0.3',
294 silly addNameRange     '1.0.1',
294 silly addNameRange     '1.0.0',
294 silly addNameRange     '1.0.2',
294 silly addNameRange     '1.1.0',
294 silly addNameRange     '1.1.1',
294 silly addNameRange     '1.1.3',
294 silly addNameRange     '1.1.4',
294 silly addNameRange     '1.1.5',
294 silly addNameRange     '1.1.6',
294 silly addNameRange     '1.1.7',
294 silly addNameRange     '1.1.8',
294 silly addNameRange     '1.1.10',
294 silly addNameRange     '1.2.0',
294 silly addNameRange     '1.2.1',
294 silly addNameRange     '1.2.2',
294 silly addNameRange     '1.2.3',
294 silly addNameRange     '1.2.4',
294 silly addNameRange     '1.3.0',
294 silly addNameRange     '1.3.1',
294 silly addNameRange     '1.3.2',
294 silly addNameRange     '1.3.3',
294 silly addNameRange     '1.3.4',
294 silly addNameRange     '1.3.5',
294 silly addNameRange     '1.3.6',
294 silly addNameRange     '1.3.7',
294 silly addNameRange     '1.3.8',
294 silly addNameRange     '1.3.9',
294 silly addNameRange     '2.0.0',
294 silly addNameRange     '2.0.1',
294 silly addNameRange     '2.0.2',
294 silly addNameRange     '2.0.3',
294 silly addNameRange     '3.0.0',
294 silly addNameRange     '3.0.1',
294 silly addNameRange     '3.0.2',
294 silly addNameRange     '3.0.3',
294 silly addNameRange     '3.0.4',
294 silly addNameRange     '3.0.5' ] ]
295 silly addNamed gulp-less@3.0.5
296 verbose addNamed "3.0.5" is a plain semver version for gulp-less
297 silly cache afterAdd gulp-less@3.0.5
298 verbose afterAdd /home/zjp/.npm/gulp-less/3.0.5/package/package.json not in flight; writing
299 verbose afterAdd /home/zjp/.npm/gulp-less/3.0.5/package/package.json written
300 http 200 https://registry.npmjs.org/gulp-imagemin
301 verbose headers { server: 'CouchDB/1.5.0 (Erlang OTP/R16B03)',
301 verbose headers   etag: '"AARHSZJSH4I97OTSKPX5MCV96"',
301 verbose headers   'content-type': 'application/json',
301 verbose headers   'cache-control': 'max-age=300',
301 verbose headers   'content-length': '37904',
301 verbose headers   'accept-ranges': 'bytes',
301 verbose headers   date: 'Fri, 05 Feb 2016 10:22:23 GMT',
301 verbose headers   via: '1.1 varnish',
301 verbose headers   age: '203',
301 verbose headers   connection: 'keep-alive',
301 verbose headers   'x-served-by': 'cache-sjc3650-SJC',
301 verbose headers   'x-cache': 'HIT',
301 verbose headers   'x-cache-hits': '1',
301 verbose headers   'x-timer': 'S1454667743.895370,VS0,VE0',
301 verbose headers   vary: 'Accept' }
302 silly get cb [ 200,
302 silly get   { server: 'CouchDB/1.5.0 (Erlang OTP/R16B03)',
302 silly get     etag: '"AARHSZJSH4I97OTSKPX5MCV96"',
302 silly get     'content-type': 'application/json',
302 silly get     'cache-control': 'max-age=300',
302 silly get     'content-length': '37904',
302 silly get     'accept-ranges': 'bytes',
302 silly get     date: 'Fri, 05 Feb 2016 10:22:23 GMT',
302 silly get     via: '1.1 varnish',
302 silly get     age: '203',
302 silly get     connection: 'keep-alive',
302 silly get     'x-served-by': 'cache-sjc3650-SJC',
302 silly get     'x-cache': 'HIT',
302 silly get     'x-cache-hits': '1',
302 silly get     'x-timer': 'S1454667743.895370,VS0,VE0',
302 silly get     vary: 'Accept' } ]
303 verbose get saving gulp-imagemin to /home/zjp/.npm/registry.npmjs.org/gulp-imagemin/.cache.json
304 silly resolveWithNewModule gulp-imagemin@2.4.0 checking installable status
305 silly cache add args [ 'gulp-imagemin@^2.4.0', null ]
306 verbose cache add spec gulp-imagemin@^2.4.0
307 silly cache add parsed spec Result {
307 silly cache add   raw: 'gulp-imagemin@^2.4.0',
307 silly cache add   scope: null,
307 silly cache add   name: 'gulp-imagemin',
307 silly cache add   rawSpec: '^2.4.0',
307 silly cache add   spec: '>=2.4.0 <3.0.0',
307 silly cache add   type: 'range' }
308 silly addNamed gulp-imagemin@>=2.4.0 <3.0.0
309 verbose addNamed ">=2.4.0 <3.0.0" is a valid semver range for gulp-imagemin
310 silly addNameRange { name: 'gulp-imagemin',
310 silly addNameRange   range: '>=2.4.0 <3.0.0',
310 silly addNameRange   hasData: false }
311 silly mapToRegistry name gulp-imagemin
312 silly mapToRegistry using default registry
313 silly mapToRegistry registry https://registry.npmjs.org/
314 silly mapToRegistry uri https://registry.npmjs.org/gulp-imagemin
315 verbose addNameRange registry:https://registry.npmjs.org/gulp-imagemin not in flight; fetching
316 verbose get https://registry.npmjs.org/gulp-imagemin not expired, no request
317 silly addNameRange number 2 { name: 'gulp-imagemin', range: '>=2.4.0 <3.0.0', hasData: true }
318 silly addNameRange versions [ 'gulp-imagemin',
318 silly addNameRange   [ '0.1.0',
318 silly addNameRange     '0.1.1',
318 silly addNameRange     '0.1.2',
318 silly addNameRange     '0.1.3',
318 silly addNameRange     '0.1.4',
318 silly addNameRange     '0.1.5',
318 silly addNameRange     '0.2.0',
318 silly addNameRange     '0.3.0',
318 silly addNameRange     '0.4.0',
318 silly addNameRange     '0.5.0',
318 silly addNameRange     '0.5.1',
318 silly addNameRange     '0.6.0',
318 silly addNameRange     '0.6.1',
318 silly addNameRange     '0.6.2',
318 silly addNameRange     '1.0.0',
318 silly addNameRange     '1.0.1',
318 silly addNameRange     '1.1.0',
318 silly addNameRange     '1.2.1',
318 silly addNameRange     '2.0.0',
318 silly addNameRange     '2.1.0',
318 silly addNameRange     '2.2.0',
318 silly addNameRange     '2.2.1',
318 silly addNameRange     '2.3.0',
318 silly addNameRange     '2.4.0' ] ]
319 silly addNamed gulp-imagemin@2.4.0
320 verbose addNamed "2.4.0" is a plain semver version for gulp-imagemin
321 silly cache afterAdd gulp-imagemin@2.4.0
322 verbose afterAdd /home/zjp/.npm/gulp-imagemin/2.4.0/package/package.json not in flight; writing
323 verbose afterAdd /home/zjp/.npm/gulp-imagemin/2.4.0/package/package.json written
324 http 200 https://registry.npmjs.org/gulp-uglify
325 verbose headers { server: 'CouchDB/1.5.0 (Erlang OTP/R16B03)',
325 verbose headers   etag: '"E5TXXOB5TQXXP1YD28YCYJF9E"',
325 verbose headers   'content-type': 'application/json',
325 verbose headers   'cache-control': 'max-age=300',
325 verbose headers   'content-length': '37232',
325 verbose headers   'accept-ranges': 'bytes',
325 verbose headers   date: 'Fri, 05 Feb 2016 10:22:23 GMT',
325 verbose headers   via: '1.1 varnish',
325 verbose headers   age: '54',
325 verbose headers   connection: 'keep-alive',
325 verbose headers   'x-served-by': 'cache-sjc3624-SJC',
325 verbose headers   'x-cache': 'HIT',
325 verbose headers   'x-cache-hits': '1',
325 verbose headers   'x-timer': 'S1454667743.370215,VS0,VE0',
325 verbose headers   vary: 'Accept' }
326 silly get cb [ 200,
326 silly get   { server: 'CouchDB/1.5.0 (Erlang OTP/R16B03)',
326 silly get     etag: '"E5TXXOB5TQXXP1YD28YCYJF9E"',
326 silly get     'content-type': 'application/json',
326 silly get     'cache-control': 'max-age=300',
326 silly get     'content-length': '37232',
326 silly get     'accept-ranges': 'bytes',
326 silly get     date: 'Fri, 05 Feb 2016 10:22:23 GMT',
326 silly get     via: '1.1 varnish',
326 silly get     age: '54',
326 silly get     connection: 'keep-alive',
326 silly get     'x-served-by': 'cache-sjc3624-SJC',
326 silly get     'x-cache': 'HIT',
326 silly get     'x-cache-hits': '1',
326 silly get     'x-timer': 'S1454667743.370215,VS0,VE0',
326 silly get     vary: 'Accept' } ]
327 verbose get saving gulp-uglify to /home/zjp/.npm/registry.npmjs.org/gulp-uglify/.cache.json
328 silly resolveWithNewModule gulp-uglify@1.5.1 checking installable status
329 silly cache add args [ 'gulp-uglify@^1.5.1', null ]
330 verbose cache add spec gulp-uglify@^1.5.1
331 silly cache add parsed spec Result {
331 silly cache add   raw: 'gulp-uglify@^1.5.1',
331 silly cache add   scope: null,
331 silly cache add   name: 'gulp-uglify',
331 silly cache add   rawSpec: '^1.5.1',
331 silly cache add   spec: '>=1.5.1 <2.0.0',
331 silly cache add   type: 'range' }
332 silly addNamed gulp-uglify@>=1.5.1 <2.0.0
333 verbose addNamed ">=1.5.1 <2.0.0" is a valid semver range for gulp-uglify
334 silly addNameRange { name: 'gulp-uglify', range: '>=1.5.1 <2.0.0', hasData: false }
335 silly mapToRegistry name gulp-uglify
336 silly mapToRegistry using default registry
337 silly mapToRegistry registry https://registry.npmjs.org/
338 silly mapToRegistry uri https://registry.npmjs.org/gulp-uglify
339 verbose addNameRange registry:https://registry.npmjs.org/gulp-uglify not in flight; fetching
340 verbose get https://registry.npmjs.org/gulp-uglify not expired, no request
341 silly addNameRange number 2 { name: 'gulp-uglify', range: '>=1.5.1 <2.0.0', hasData: true }
342 silly addNameRange versions [ 'gulp-uglify',
342 silly addNameRange   [ '0.0.1',
342 silly addNameRange     '0.0.3',
342 silly addNameRange     '0.0.4',
342 silly addNameRange     '0.1.0',
342 silly addNameRange     '0.2.0',
342 silly addNameRange     '0.2.1',
342 silly addNameRange     '0.3.0',
342 silly addNameRange     '0.3.1',
342 silly addNameRange     '0.3.2',
342 silly addNameRange     '1.0.0-0',
342 silly addNameRange     '1.0.0',
342 silly addNameRange     '1.0.1',
342 silly addNameRange     '1.0.2',
342 silly addNameRange     '1.1.0',
342 silly addNameRange     '1.2.0',
342 silly addNameRange     '1.3.0',
342 silly addNameRange     '1.4.0',
342 silly addNameRange     '1.4.1',
342 silly addNameRange     '1.4.2',
342 silly addNameRange     '1.5.1' ] ]
343 silly addNamed gulp-uglify@1.5.1
344 verbose addNamed "1.5.1" is a plain semver version for gulp-uglify
345 silly cache afterAdd gulp-uglify@1.5.1
346 verbose afterAdd /home/zjp/.npm/gulp-uglify/1.5.1/package/package.json not in flight; writing
347 verbose afterAdd /home/zjp/.npm/gulp-uglify/1.5.1/package/package.json written
348 http 200 https://registry.npmjs.org/run-sequence
349 verbose headers { server: 'CouchDB/1.5.0 (Erlang OTP/R16B03)',
349 verbose headers   etag: '"F2VVJV97DDNWILQXIHO91WDAW"',
349 verbose headers   'content-type': 'application/json',
349 verbose headers   'cache-control': 'max-age=300',
349 verbose headers   'content-length': '26142',
349 verbose headers   'accept-ranges': 'bytes',
349 verbose headers   date: 'Fri, 05 Feb 2016 10:22:23 GMT',
349 verbose headers   via: '1.1 varnish',
349 verbose headers   age: '108',
349 verbose headers   connection: 'keep-alive',
349 verbose headers   'x-served-by': 'cache-sjc3637-SJC',
349 verbose headers   'x-cache': 'HIT',
349 verbose headers   'x-cache-hits': '1',
349 verbose headers   'x-timer': 'S1454667743.961671,VS0,VE0',
349 verbose headers   vary: 'Accept' }
350 silly get cb [ 200,
350 silly get   { server: 'CouchDB/1.5.0 (Erlang OTP/R16B03)',
350 silly get     etag: '"F2VVJV97DDNWILQXIHO91WDAW"',
350 silly get     'content-type': 'application/json',
350 silly get     'cache-control': 'max-age=300',
350 silly get     'content-length': '26142',
350 silly get     'accept-ranges': 'bytes',
350 silly get     date: 'Fri, 05 Feb 2016 10:22:23 GMT',
350 silly get     via: '1.1 varnish',
350 silly get     age: '108',
350 silly get     connection: 'keep-alive',
350 silly get     'x-served-by': 'cache-sjc3637-SJC',
350 silly get     'x-cache': 'HIT',
350 silly get     'x-cache-hits': '1',
350 silly get     'x-timer': 'S1454667743.961671,VS0,VE0',
350 silly get     vary: 'Accept' } ]
351 verbose get saving run-sequence to /home/zjp/.npm/registry.npmjs.org/run-sequence/.cache.json
352 silly resolveWithNewModule run-sequence@1.1.5 checking installable status
353 silly cache add args [ 'run-sequence@^1.1.5', null ]
354 verbose cache add spec run-sequence@^1.1.5
355 silly cache add parsed spec Result {
355 silly cache add   raw: 'run-sequence@^1.1.5',
355 silly cache add   scope: null,
355 silly cache add   name: 'run-sequence',
355 silly cache add   rawSpec: '^1.1.5',
355 silly cache add   spec: '>=1.1.5 <2.0.0',
355 silly cache add   type: 'range' }
356 silly addNamed run-sequence@>=1.1.5 <2.0.0
357 verbose addNamed ">=1.1.5 <2.0.0" is a valid semver range for run-sequence
358 silly addNameRange { name: 'run-sequence', range: '>=1.1.5 <2.0.0', hasData: false }
359 silly mapToRegistry name run-sequence
360 silly mapToRegistry using default registry
361 silly mapToRegistry registry https://registry.npmjs.org/
362 silly mapToRegistry uri https://registry.npmjs.org/run-sequence
363 verbose addNameRange registry:https://registry.npmjs.org/run-sequence not in flight; fetching
364 verbose get https://registry.npmjs.org/run-sequence not expired, no request
365 silly addNameRange number 2 { name: 'run-sequence', range: '>=1.1.5 <2.0.0', hasData: true }
366 silly addNameRange versions [ 'run-sequence',
366 silly addNameRange   [ '0.3.1',
366 silly addNameRange     '0.3.2',
366 silly addNameRange     '0.3.3',
366 silly addNameRange     '0.3.4',
366 silly addNameRange     '0.3.5',
366 silly addNameRange     '0.3.6',
366 silly addNameRange     '0.3.7',
366 silly addNameRange     '1.0.0',
366 silly addNameRange     '1.0.1',
366 silly addNameRange     '1.0.2',
366 silly addNameRange     '1.1.0',
366 silly addNameRange     '1.1.1',
366 silly addNameRange     '1.1.2',
366 silly addNameRange     '1.1.3',
366 silly addNameRange     '1.1.4',
366 silly addNameRange     '1.1.5' ] ]
367 silly addNamed run-sequence@1.1.5
368 verbose addNamed "1.1.5" is a plain semver version for run-sequence
369 silly mapToRegistry name run-sequence
370 silly mapToRegistry using default registry
371 silly mapToRegistry registry https://registry.npmjs.org/
372 silly mapToRegistry uri https://registry.npmjs.org/run-sequence
373 verbose addRemoteTarball https://registry.npmjs.org/run-sequence/-/run-sequence-1.1.5.tgz not in flight; adding
374 verbose addRemoteTarball [ 'https://registry.npmjs.org/run-sequence/-/run-sequence-1.1.5.tgz',
374 verbose addRemoteTarball   '556bd47eb47877349e36c9c582748897db7be4f7' ]
375 info retry fetch attempt 1 at 18:22:25
376 info attempt registry request try #1 at 18:22:25
377 http fetch GET https://registry.npmjs.org/run-sequence/-/run-sequence-1.1.5.tgz
378 http 200 https://registry.npmjs.org/gulp-autoprefixer
379 verbose headers { server: 'CouchDB/1.5.0 (Erlang OTP/R16B03)',
379 verbose headers   etag: '"241W5CWVES8YP12T3AYIL858F"',
379 verbose headers   'content-type': 'application/json',
379 verbose headers   'cache-control': 'max-age=300',
379 verbose headers   'content-length': '31624',
379 verbose headers   'accept-ranges': 'bytes',
379 verbose headers   date: 'Fri, 05 Feb 2016 10:22:23 GMT',
379 verbose headers   via: '1.1 varnish',
379 verbose headers   age: '55',
379 verbose headers   connection: 'keep-alive',
379 verbose headers   'x-served-by': 'cache-sjc3620-SJC',
379 verbose headers   'x-cache': 'HIT',
379 verbose headers   'x-cache-hits': '1',
379 verbose headers   'x-timer': 'S1454667743.847220,VS0,VE0',
379 verbose headers   vary: 'Accept' }
380 silly get cb [ 200,
380 silly get   { server: 'CouchDB/1.5.0 (Erlang OTP/R16B03)',
380 silly get     etag: '"241W5CWVES8YP12T3AYIL858F"',
380 silly get     'content-type': 'application/json',
380 silly get     'cache-control': 'max-age=300',
380 silly get     'content-length': '31624',
380 silly get     'accept-ranges': 'bytes',
380 silly get     date: 'Fri, 05 Feb 2016 10:22:23 GMT',
380 silly get     via: '1.1 varnish',
380 silly get     age: '55',
380 silly get     connection: 'keep-alive',
380 silly get     'x-served-by': 'cache-sjc3620-SJC',
380 silly get     'x-cache': 'HIT',
380 silly get     'x-cache-hits': '1',
380 silly get     'x-timer': 'S1454667743.847220,VS0,VE0',
380 silly get     vary: 'Accept' } ]
381 verbose get saving gulp-autoprefixer to /home/zjp/.npm/registry.npmjs.org/gulp-autoprefixer/.cache.json
382 silly resolveWithNewModule gulp-autoprefixer@3.1.0 checking installable status
383 silly cache add args [ 'gulp-autoprefixer@^3.1.0', null ]
384 verbose cache add spec gulp-autoprefixer@^3.1.0
385 silly cache add parsed spec Result {
385 silly cache add   raw: 'gulp-autoprefixer@^3.1.0',
385 silly cache add   scope: null,
385 silly cache add   name: 'gulp-autoprefixer',
385 silly cache add   rawSpec: '^3.1.0',
385 silly cache add   spec: '>=3.1.0 <4.0.0',
385 silly cache add   type: 'range' }
386 silly addNamed gulp-autoprefixer@>=3.1.0 <4.0.0
387 verbose addNamed ">=3.1.0 <4.0.0" is a valid semver range for gulp-autoprefixer
388 silly addNameRange { name: 'gulp-autoprefixer',
388 silly addNameRange   range: '>=3.1.0 <4.0.0',
388 silly addNameRange   hasData: false }
389 silly mapToRegistry name gulp-autoprefixer
390 silly mapToRegistry using default registry
391 silly mapToRegistry registry https://registry.npmjs.org/
392 silly mapToRegistry uri https://registry.npmjs.org/gulp-autoprefixer
393 verbose addNameRange registry:https://registry.npmjs.org/gulp-autoprefixer not in flight; fetching
394 verbose get https://registry.npmjs.org/gulp-autoprefixer not expired, no request
395 silly addNameRange number 2 { name: 'gulp-autoprefixer',
395 silly addNameRange   range: '>=3.1.0 <4.0.0',
395 silly addNameRange   hasData: true }
396 silly addNameRange versions [ 'gulp-autoprefixer',
396 silly addNameRange   [ '0.0.1',
396 silly addNameRange     '0.0.2',
396 silly addNameRange     '0.0.3',
396 silly addNameRange     '0.0.4',
396 silly addNameRange     '0.0.5',
396 silly addNameRange     '0.0.6',
396 silly addNameRange     '0.0.7',
396 silly addNameRange     '0.0.8',
396 silly addNameRange     '0.0.9',
396 silly addNameRange     '0.0.10',
396 silly addNameRange     '1.0.0',
396 silly addNameRange     '1.0.1',
396 silly addNameRange     '2.0.0',
396 silly addNameRange     '2.1.0',
396 silly addNameRange     '2.2.0',
396 silly addNameRange     '2.3.0',
396 silly addNameRange     '2.3.1',
396 silly addNameRange     '3.0.0',
396 silly addNameRange     '3.0.1',
396 silly addNameRange     '3.0.2',
396 silly addNameRange     '3.1.0' ] ]
397 silly addNamed gulp-autoprefixer@3.1.0
398 verbose addNamed "3.1.0" is a plain semver version for gulp-autoprefixer
399 silly cache afterAdd gulp-autoprefixer@3.1.0
400 verbose afterAdd /home/zjp/.npm/gulp-autoprefixer/3.1.0/package/package.json not in flight; writing
401 verbose afterAdd /home/zjp/.npm/gulp-autoprefixer/3.1.0/package/package.json written
402 http fetch 200 https://registry.npmjs.org/run-sequence/-/run-sequence-1.1.5.tgz
403 silly fetchAndShaCheck shasum 556bd47eb47877349e36c9c582748897db7be4f7
404 verbose addTmpTarball /tmp/npm-9311-ba2d4cc8/registry.npmjs.org/run-sequence/-/run-sequence-1.1.5.tgz not in flight; adding
405 verbose addTmpTarball already have metadata; skipping unpack for run-sequence@1.1.5
406 silly cache afterAdd run-sequence@1.1.5
407 verbose afterAdd /home/zjp/.npm/run-sequence/1.1.5/package/package.json not in flight; writing
408 verbose afterAdd /home/zjp/.npm/run-sequence/1.1.5/package/package.json written
409 http 200 https://registry.npmjs.org/gulp-notify
410 verbose headers { server: 'CouchDB/1.5.0 (Erlang OTP/R16B03)',
410 verbose headers   etag: '"8TLU8Y8IB89HGMZ2NVCPKXXDJ"',
410 verbose headers   'content-type': 'application/json',
410 verbose headers   'cache-control': 'max-age=300',
410 verbose headers   'content-length': '75311',
410 verbose headers   'accept-ranges': 'bytes',
410 verbose headers   date: 'Fri, 05 Feb 2016 10:22:23 GMT',
410 verbose headers   via: '1.1 varnish',
410 verbose headers   age: '107',
410 verbose headers   connection: 'keep-alive',
410 verbose headers   'x-served-by': 'cache-sjc3629-SJC',
410 verbose headers   'x-cache': 'HIT',
410 verbose headers   'x-cache-hits': '1',
410 verbose headers   'x-timer': 'S1454667743.017406,VS0,VE0',
410 verbose headers   vary: 'Accept' }
411 silly get cb [ 200,
411 silly get   { server: 'CouchDB/1.5.0 (Erlang OTP/R16B03)',
411 silly get     etag: '"8TLU8Y8IB89HGMZ2NVCPKXXDJ"',
411 silly get     'content-type': 'application/json',
411 silly get     'cache-control': 'max-age=300',
411 silly get     'content-length': '75311',
411 silly get     'accept-ranges': 'bytes',
411 silly get     date: 'Fri, 05 Feb 2016 10:22:23 GMT',
411 silly get     via: '1.1 varnish',
411 silly get     age: '107',
411 silly get     connection: 'keep-alive',
411 silly get     'x-served-by': 'cache-sjc3629-SJC',
411 silly get     'x-cache': 'HIT',
411 silly get     'x-cache-hits': '1',
411 silly get     'x-timer': 'S1454667743.017406,VS0,VE0',
411 silly get     vary: 'Accept' } ]
412 verbose get saving gulp-notify to /home/zjp/.npm/registry.npmjs.org/gulp-notify/.cache.json
413 silly resolveWithNewModule gulp-notify@2.2.0 checking installable status
414 silly cache add args [ 'gulp-notify@^2.2.0', null ]
415 verbose cache add spec gulp-notify@^2.2.0
416 silly cache add parsed spec Result {
416 silly cache add   raw: 'gulp-notify@^2.2.0',
416 silly cache add   scope: null,
416 silly cache add   name: 'gulp-notify',
416 silly cache add   rawSpec: '^2.2.0',
416 silly cache add   spec: '>=2.2.0 <3.0.0',
416 silly cache add   type: 'range' }
417 silly addNamed gulp-notify@>=2.2.0 <3.0.0
418 verbose addNamed ">=2.2.0 <3.0.0" is a valid semver range for gulp-notify
419 silly addNameRange { name: 'gulp-notify', range: '>=2.2.0 <3.0.0', hasData: false }
420 silly mapToRegistry name gulp-notify
421 silly mapToRegistry using default registry
422 silly mapToRegistry registry https://registry.npmjs.org/
423 silly mapToRegistry uri https://registry.npmjs.org/gulp-notify
424 verbose addNameRange registry:https://registry.npmjs.org/gulp-notify not in flight; fetching
425 verbose get https://registry.npmjs.org/gulp-notify not expired, no request
426 silly addNameRange number 2 { name: 'gulp-notify', range: '>=2.2.0 <3.0.0', hasData: true }
427 silly addNameRange versions [ 'gulp-notify',
427 silly addNameRange   [ '0.0.5',
427 silly addNameRange     '0.0.6',
427 silly addNameRange     '0.0.7',
427 silly addNameRange     '0.0.8',
427 silly addNameRange     '0.1.0',
427 silly addNameRange     '0.2.0',
427 silly addNameRange     '0.3.0',
427 silly addNameRange     '0.3.2',
427 silly addNameRange     '0.3.3',
427 silly addNameRange     '0.3.4',
427 silly addNameRange     '0.3.4-1',
427 silly addNameRange     '0.3.4-2',
427 silly addNameRange     '0.3.5-0',
427 silly addNameRange     '0.4.0',
427 silly addNameRange     '0.4.1',
427 silly addNameRange     '0.4.2',
427 silly addNameRange     '0.4.3',
427 silly addNameRange     '0.4.5',
427 silly addNameRange     '0.4.6',
427 silly addNameRange     '0.5.0',
427 silly addNameRange     '0.5.1',
427 silly addNameRange     '0.6.0',
427 silly addNameRange     '0.6.1',
427 silly addNameRange     '0.6.2',
427 silly addNameRange     '1.0.0-beta',
427 silly addNameRange     '1.1.0',
427 silly addNameRange     '1.1.1',
427 silly addNameRange     '1.2.0',
427 silly addNameRange     '1.2.1',
427 silly addNameRange     '1.2.2',
427 silly addNameRange     '1.2.4',
427 silly addNameRange     '1.2.5',
427 silly addNameRange     '1.2.6',
427 silly addNameRange     '1.3.0',
427 silly addNameRange     '1.3.1',
427 silly addNameRange     '1.4.0',
427 silly addNameRange     '1.4.1',
427 silly addNameRange     '1.4.2',
427 silly addNameRange     '1.5.0',
427 silly addNameRange     '1.5.1',
427 silly addNameRange     '1.6.0',
427 silly addNameRange     '1.7.0',
427 silly addNameRange     '1.7.1',
427 silly addNameRange     '1.8.0',
427 silly addNameRange     '2.0.0',
427 silly addNameRange     '2.0.1',
427 silly addNameRange     '2.1.0',
427 silly addNameRange     '2.2.0' ] ]
428 silly addNamed gulp-notify@2.2.0
429 verbose addNamed "2.2.0" is a plain semver version for gulp-notify
430 silly cache afterAdd gulp-notify@2.2.0
431 verbose afterAdd /home/zjp/.npm/gulp-notify/2.2.0/package/package.json not in flight; writing
432 verbose afterAdd /home/zjp/.npm/gulp-notify/2.2.0/package/package.json written
433 http 200 https://registry.npmjs.org/jshint
434 verbose headers { server: 'CouchDB/1.5.0 (Erlang OTP/R16B03)',
434 verbose headers   etag: '"B7GHFRRL23Y7Z7YY3FB31BHZJ"',
434 verbose headers   'content-type': 'application/json',
434 verbose headers   'cache-control': 'max-age=300',
434 verbose headers   'content-length': '112542',
434 verbose headers   'accept-ranges': 'bytes',
434 verbose headers   date: 'Fri, 05 Feb 2016 10:22:24 GMT',
434 verbose headers   via: '1.1 varnish',
434 verbose headers   age: '135',
434 verbose headers   connection: 'keep-alive',
434 verbose headers   'x-served-by': 'cache-sjc3650-SJC',
434 verbose headers   'x-cache': 'HIT',
434 verbose headers   'x-cache-hits': '1',
434 verbose headers   'x-timer': 'S1454667744.010164,VS0,VE0',
434 verbose headers   vary: 'Accept' }
435 silly get cb [ 200,
435 silly get   { server: 'CouchDB/1.5.0 (Erlang OTP/R16B03)',
435 silly get     etag: '"B7GHFRRL23Y7Z7YY3FB31BHZJ"',
435 silly get     'content-type': 'application/json',
435 silly get     'cache-control': 'max-age=300',
435 silly get     'content-length': '112542',
435 silly get     'accept-ranges': 'bytes',
435 silly get     date: 'Fri, 05 Feb 2016 10:22:24 GMT',
435 silly get     via: '1.1 varnish',
435 silly get     age: '135',
435 silly get     connection: 'keep-alive',
435 silly get     'x-served-by': 'cache-sjc3650-SJC',
435 silly get     'x-cache': 'HIT',
435 silly get     'x-cache-hits': '1',
435 silly get     'x-timer': 'S1454667744.010164,VS0,VE0',
435 silly get     vary: 'Accept' } ]
436 verbose get saving jshint to /home/zjp/.npm/registry.npmjs.org/jshint/.cache.json
437 silly resolveWithNewModule jshint@2.9.1 checking installable status
438 silly cache add args [ 'jshint@^2.9.1', null ]
439 verbose cache add spec jshint@^2.9.1
440 silly cache add parsed spec Result {
440 silly cache add   raw: 'jshint@^2.9.1',
440 silly cache add   scope: null,
440 silly cache add   name: 'jshint',
440 silly cache add   rawSpec: '^2.9.1',
440 silly cache add   spec: '>=2.9.1 <3.0.0',
440 silly cache add   type: 'range' }
441 silly addNamed jshint@>=2.9.1 <3.0.0
442 verbose addNamed ">=2.9.1 <3.0.0" is a valid semver range for jshint
443 silly addNameRange { name: 'jshint', range: '>=2.9.1 <3.0.0', hasData: false }
444 silly mapToRegistry name jshint
445 silly mapToRegistry using default registry
446 silly mapToRegistry registry https://registry.npmjs.org/
447 silly mapToRegistry uri https://registry.npmjs.org/jshint
448 verbose addNameRange registry:https://registry.npmjs.org/jshint not in flight; fetching
449 verbose get https://registry.npmjs.org/jshint not expired, no request
450 silly addNameRange number 2 { name: 'jshint', range: '>=2.9.1 <3.0.0', hasData: true }
451 silly addNameRange versions [ 'jshint',
451 silly addNameRange   [ '0.1.8',
451 silly addNameRange     '0.1.9',
451 silly addNameRange     '0.2.0',
451 silly addNameRange     '0.2.1',
451 silly addNameRange     '0.2.2',
451 silly addNameRange     '0.2.3',
451 silly addNameRange     '0.3.0',
451 silly addNameRange     '0.3.1',
451 silly addNameRange     '0.4.0',
451 silly addNameRange     '0.5.0',
451 silly addNameRange     '0.5.1',
451 silly addNameRange     '0.5.2',
451 silly addNameRange     '0.5.3',
451 silly addNameRange     '0.5.4',
451 silly addNameRange     '0.5.5',
451 silly addNameRange     '0.5.6',
451 silly addNameRange     '0.5.7',
451 silly addNameRange     '0.5.8',
451 silly addNameRange     '0.5.9',
451 silly addNameRange     '0.6.0',
451 silly addNameRange     '0.6.1',
451 silly addNameRange     '0.6.2',
451 silly addNameRange     '0.6.3',
451 silly addNameRange     '0.7.0',
451 silly addNameRange     '0.7.1',
451 silly addNameRange     '0.7.2',
451 silly addNameRange     '0.7.3',
451 silly addNameRange     '0.8.0',
451 silly addNameRange     '0.8.1',
451 silly addNameRange     '0.8.2',
451 silly addNameRange     '0.9.0',
451 silly addNameRange     '0.9.1',
451 silly addNameRange     '1.0.0',
451 silly addNameRange     '1.1.0',
451 silly addNameRange     '2.0.0',
451 silly addNameRange     '2.0.1',
451 silly addNameRange     '2.1.0',
451 silly addNameRange     '2.1.1',
451 silly addNameRange     '2.1.2',
451 silly addNameRange     '2.1.3',
451 silly addNameRange     '2.1.4',
451 silly addNameRange     '2.1.5',
451 silly addNameRange     '2.1.6',
451 silly addNameRange     '2.1.7',
451 silly addNameRange     '2.1.8',
451 silly addNameRange     '2.1.9',
451 silly addNameRange     '2.1.10',
451 silly addNameRange     '2.1.11',
451 silly addNameRange     '2.2.0',
451 silly addNameRange     '2.3.0',
451 silly addNameRange     '2.4.0',
451 silly addNameRange     '2.4.1',
451 silly addNameRange     '2.4.2',
451 silly addNameRange     '2.4.3',
451 silly addNameRange     '2.4.4',
451 silly addNameRange     '2.5.0',
451 silly addNameRange     '2.5.1',
451 silly addNameRange     '2.5.2',
451 silly addNameRange     '2.5.3',
451 silly addNameRange     '2.5.4',
451 silly addNameRange     '2.5.5',
451 silly addNameRange     '2.5.6',
451 silly addNameRange     '2.5.7',
451 silly addNameRange     '2.5.8',
451 silly addNameRange     '2.5.9',
451 silly addNameRange     '2.5.10',
451 silly addNameRange     '2.5.11',
451 silly addNameRange     '2.6.0',
451 silly addNameRange     '2.6.1',
451 silly addNameRange     '2.6.2',
451 silly addNameRange     '2.6.3',
451 silly addNameRange     '2.7.0',
451 silly addNameRange     '2.8.0',
451 silly addNameRange     '2.9.1-rc1',
451 silly addNameRange     '2.9.1-rc2',
451 silly addNameRange     '2.9.1-rc3',
451 silly addNameRange     '2.9.1' ] ]
452 silly addNamed jshint@2.9.1
453 verbose addNamed "2.9.1" is a plain semver version for jshint
454 silly mapToRegistry name jshint
455 silly mapToRegistry using default registry
456 silly mapToRegistry registry https://registry.npmjs.org/
457 silly mapToRegistry uri https://registry.npmjs.org/jshint
458 verbose addRemoteTarball https://registry.npmjs.org/jshint/-/jshint-2.9.1.tgz not in flight; adding
459 verbose addRemoteTarball [ 'https://registry.npmjs.org/jshint/-/jshint-2.9.1.tgz',
459 verbose addRemoteTarball   '3136b68f8b6fa37423aacb8ec5e18a1ada7a2638' ]
460 info retry fetch attempt 1 at 18:22:27
461 info attempt registry request try #1 at 18:22:27
462 http fetch GET https://registry.npmjs.org/jshint/-/jshint-2.9.1.tgz
463 http 200 https://registry.npmjs.org/gulp-minify-css
464 verbose headers { server: 'CouchDB/1.5.0 (Erlang OTP/R16B03)',
464 verbose headers   etag: '"7F4HRXD7M8TOPTI7MNFOWHJEM"',
464 verbose headers   'content-type': 'application/json',
464 verbose headers   'cache-control': 'max-age=300',
464 verbose headers   'content-length': '66916',
464 verbose headers   'accept-ranges': 'bytes',
464 verbose headers   date: 'Fri, 05 Feb 2016 10:22:24 GMT',
464 verbose headers   via: '1.1 varnish',
464 verbose headers   age: '108',
464 verbose headers   connection: 'keep-alive',
464 verbose headers   'x-served-by': 'cache-sjc3643-SJC',
464 verbose headers   'x-cache': 'HIT',
464 verbose headers   'x-cache-hits': '1',
464 verbose headers   'x-timer': 'S1454667744.345324,VS0,VE0',
464 verbose headers   vary: 'Accept' }
465 silly get cb [ 200,
465 silly get   { server: 'CouchDB/1.5.0 (Erlang OTP/R16B03)',
465 silly get     etag: '"7F4HRXD7M8TOPTI7MNFOWHJEM"',
465 silly get     'content-type': 'application/json',
465 silly get     'cache-control': 'max-age=300',
465 silly get     'content-length': '66916',
465 silly get     'accept-ranges': 'bytes',
465 silly get     date: 'Fri, 05 Feb 2016 10:22:24 GMT',
465 silly get     via: '1.1 varnish',
465 silly get     age: '108',
465 silly get     connection: 'keep-alive',
465 silly get     'x-served-by': 'cache-sjc3643-SJC',
465 silly get     'x-cache': 'HIT',
465 silly get     'x-cache-hits': '1',
465 silly get     'x-timer': 'S1454667744.345324,VS0,VE0',
465 silly get     vary: 'Accept' } ]
466 verbose get saving gulp-minify-css to /home/zjp/.npm/registry.npmjs.org/gulp-minify-css/.cache.json
467 silly resolveWithNewModule gulp-minify-css@1.2.3 checking installable status
468 silly cache add args [ 'gulp-minify-css@^1.2.3', null ]
469 verbose cache add spec gulp-minify-css@^1.2.3
470 silly cache add parsed spec Result {
470 silly cache add   raw: 'gulp-minify-css@^1.2.3',
470 silly cache add   scope: null,
470 silly cache add   name: 'gulp-minify-css',
470 silly cache add   rawSpec: '^1.2.3',
470 silly cache add   spec: '>=1.2.3 <2.0.0',
470 silly cache add   type: 'range' }
471 silly addNamed gulp-minify-css@>=1.2.3 <2.0.0
472 verbose addNamed ">=1.2.3 <2.0.0" is a valid semver range for gulp-minify-css
473 silly addNameRange { name: 'gulp-minify-css',
473 silly addNameRange   range: '>=1.2.3 <2.0.0',
473 silly addNameRange   hasData: false }
474 silly mapToRegistry name gulp-minify-css
475 silly mapToRegistry using default registry
476 silly mapToRegistry registry https://registry.npmjs.org/
477 silly mapToRegistry uri https://registry.npmjs.org/gulp-minify-css
478 verbose addNameRange registry:https://registry.npmjs.org/gulp-minify-css not in flight; fetching
479 verbose get https://registry.npmjs.org/gulp-minify-css not expired, no request
480 silly addNameRange number 2 { name: 'gulp-minify-css',
480 silly addNameRange   range: '>=1.2.3 <2.0.0',
480 silly addNameRange   hasData: true }
481 silly addNameRange versions [ 'gulp-minify-css',
481 silly addNameRange   [ '0.0.1',
481 silly addNameRange     '0.1.0',
481 silly addNameRange     '0.2.0',
481 silly addNameRange     '0.3.0',
481 silly addNameRange     '0.3.1',
481 silly addNameRange     '0.3.2',
481 silly addNameRange     '0.3.3',
481 silly addNameRange     '0.3.4',
481 silly addNameRange     '0.3.5',
481 silly addNameRange     '0.3.6',
481 silly addNameRange     '0.3.7',
481 silly addNameRange     '0.3.8',
481 silly addNameRange     '0.3.9',
481 silly addNameRange     '0.3.10',
481 silly addNameRange     '0.3.11',
481 silly addNameRange     '0.3.12',
481 silly addNameRange     '0.3.13',
481 silly addNameRange     '0.4.0',
481 silly addNameRange     '0.4.1',
481 silly addNameRange     '0.4.2',
481 silly addNameRange     '0.4.3',
481 silly addNameRange     '0.4.4',
481 silly addNameRange     '0.4.5',
481 silly addNameRange     '0.4.6',
481 silly addNameRange     '0.5.0',
481 silly addNameRange     '0.5.1',
481 silly addNameRange     '1.0.0',
481 silly addNameRange     '1.1.0',
481 silly addNameRange     '1.1.1',
481 silly addNameRange     '1.1.2',
481 silly addNameRange     '1.1.2-1',
481 silly addNameRange     '1.1.3',
481 silly addNameRange     '1.1.4',
481 silly addNameRange     '1.1.5',
481 silly addNameRange     '1.1.6',
481 silly addNameRange     '1.2.0',
481 silly addNameRange     '1.2.1',
481 silly addNameRange     '1.2.2',
481 silly addNameRange     '1.2.3' ] ]
482 silly addNamed gulp-minify-css@1.2.3
483 verbose addNamed "1.2.3" is a plain semver version for gulp-minify-css
484 warn deprecated gulp-minify-css@1.2.3: Please use gulp-cssnano instead.
485 silly cache afterAdd gulp-minify-css@1.2.3
486 verbose afterAdd /home/zjp/.npm/gulp-minify-css/1.2.3/package/package.json not in flight; writing
487 verbose afterAdd /home/zjp/.npm/gulp-minify-css/1.2.3/package/package.json written
488 http 200 https://registry.npmjs.org/gulp-jshint
489 verbose headers { server: 'CouchDB/1.5.0 (Erlang OTP/R16B03)',
489 verbose headers   etag: '"EXAJXXYJ2TRXBVLOAAM245ZZ2"',
489 verbose headers   'content-type': 'application/json',
489 verbose headers   'cache-control': 'max-age=300',
489 verbose headers   'content-length': '66702',
489 verbose headers   'accept-ranges': 'bytes',
489 verbose headers   date: 'Fri, 05 Feb 2016 10:22:23 GMT',
489 verbose headers   via: '1.1 varnish',
489 verbose headers   age: '107',
489 verbose headers   connection: 'keep-alive',
489 verbose headers   'x-served-by': 'cache-sjc3634-SJC',
489 verbose headers   'x-cache': 'HIT',
489 verbose headers   'x-cache-hits': '1',
489 verbose headers   'x-timer': 'S1454667743.024398,VS0,VE0',
489 verbose headers   vary: 'Accept' }
490 silly get cb [ 200,
490 silly get   { server: 'CouchDB/1.5.0 (Erlang OTP/R16B03)',
490 silly get     etag: '"EXAJXXYJ2TRXBVLOAAM245ZZ2"',
490 silly get     'content-type': 'application/json',
490 silly get     'cache-control': 'max-age=300',
490 silly get     'content-length': '66702',
490 silly get     'accept-ranges': 'bytes',
490 silly get     date: 'Fri, 05 Feb 2016 10:22:23 GMT',
490 silly get     via: '1.1 varnish',
490 silly get     age: '107',
490 silly get     connection: 'keep-alive',
490 silly get     'x-served-by': 'cache-sjc3634-SJC',
490 silly get     'x-cache': 'HIT',
490 silly get     'x-cache-hits': '1',
490 silly get     'x-timer': 'S1454667743.024398,VS0,VE0',
490 silly get     vary: 'Accept' } ]
491 verbose get saving gulp-jshint to /home/zjp/.npm/registry.npmjs.org/gulp-jshint/.cache.json
492 silly resolveWithNewModule gulp-jshint@2.0.0 checking installable status
493 silly cache add args [ 'gulp-jshint@^2.0.0', null ]
494 verbose cache add spec gulp-jshint@^2.0.0
495 silly cache add parsed spec Result {
495 silly cache add   raw: 'gulp-jshint@^2.0.0',
495 silly cache add   scope: null,
495 silly cache add   name: 'gulp-jshint',
495 silly cache add   rawSpec: '^2.0.0',
495 silly cache add   spec: '>=2.0.0 <3.0.0',
495 silly cache add   type: 'range' }
496 silly addNamed gulp-jshint@>=2.0.0 <3.0.0
497 verbose addNamed ">=2.0.0 <3.0.0" is a valid semver range for gulp-jshint
498 silly addNameRange { name: 'gulp-jshint', range: '>=2.0.0 <3.0.0', hasData: false }
499 silly mapToRegistry name gulp-jshint
500 silly mapToRegistry using default registry
501 silly mapToRegistry registry https://registry.npmjs.org/
502 silly mapToRegistry uri https://registry.npmjs.org/gulp-jshint
503 verbose addNameRange registry:https://registry.npmjs.org/gulp-jshint not in flight; fetching
504 verbose get https://registry.npmjs.org/gulp-jshint not expired, no request
505 silly addNameRange number 2 { name: 'gulp-jshint', range: '>=2.0.0 <3.0.0', hasData: true }
506 silly addNameRange versions [ 'gulp-jshint',
506 silly addNameRange   [ '0.0.1',
506 silly addNameRange     '0.1.0',
506 silly addNameRange     '1.0.0',
506 silly addNameRange     '1.1.0',
506 silly addNameRange     '1.2.0',
506 silly addNameRange     '1.3.0',
506 silly addNameRange     '1.3.1',
506 silly addNameRange     '1.3.2',
506 silly addNameRange     '1.3.3',
506 silly addNameRange     '1.3.4',
506 silly addNameRange     '1.4.0',
506 silly addNameRange     '1.4.1',
506 silly addNameRange     '1.4.2',
506 silly addNameRange     '1.5.0',
506 silly addNameRange     '1.5.1',
506 silly addNameRange     '1.5.2',
506 silly addNameRange     '1.5.3',
506 silly addNameRange     '1.5.4',
506 silly addNameRange     '1.5.5',
506 silly addNameRange     '1.5.6',
506 silly addNameRange     '1.6.0',
506 silly addNameRange     '1.6.1',
506 silly addNameRange     '1.6.2',
506 silly addNameRange     '1.6.3',
506 silly addNameRange     '1.6.4',
506 silly addNameRange     '1.7.0',
506 silly addNameRange     '1.7.1',
506 silly addNameRange     '1.8.0',
506 silly addNameRange     '1.8.1',
506 silly addNameRange     '1.8.2',
506 silly addNameRange     '1.8.3',
506 silly addNameRange     '1.8.4',
506 silly addNameRange     '1.8.5',
506 silly addNameRange     '1.8.6',
506 silly addNameRange     '1.9.0',
506 silly addNameRange     '1.9.2',
506 silly addNameRange     '1.9.3',
506 silly addNameRange     '1.9.4',
506 silly addNameRange     '1.10.0',
506 silly addNameRange     '1.11.0',
506 silly addNameRange     '1.11.1',
506 silly addNameRange     '1.11.2',
506 silly addNameRange     '1.12.0',
506 silly addNameRange     '2.0.0' ] ]
507 silly addNamed gulp-jshint@2.0.0
508 verbose addNamed "2.0.0" is a plain semver version for gulp-jshint
509 silly cache afterAdd gulp-jshint@2.0.0
510 verbose afterAdd /home/zjp/.npm/gulp-jshint/2.0.0/package/package.json not in flight; writing
511 verbose afterAdd /home/zjp/.npm/gulp-jshint/2.0.0/package/package.json written
512 http fetch 200 https://registry.npmjs.org/jshint/-/jshint-2.9.1.tgz
513 http 200 https://registry.npmjs.org/gulp
514 verbose headers { server: 'CouchDB/1.5.0 (Erlang OTP/R16B03)',
514 verbose headers   etag: '"6EJ8X1FY5BMYA7WG2RHSUUOIK"',
514 verbose headers   'content-type': 'application/json',
514 verbose headers   'cache-control': 'max-age=300',
514 verbose headers   'content-length': '109660',
514 verbose headers   'accept-ranges': 'bytes',
514 verbose headers   date: 'Fri, 05 Feb 2016 10:22:24 GMT',
514 verbose headers   via: '1.1 varnish',
514 verbose headers   age: '78',
514 verbose headers   connection: 'keep-alive',
514 verbose headers   'x-served-by': 'cache-sjc3631-SJC',
514 verbose headers   'x-cache': 'HIT',
514 verbose headers   'x-cache-hits': '1',
514 verbose headers   'x-timer': 'S1454667744.202579,VS0,VE1',
514 verbose headers   vary: 'Accept' }
515 silly get cb [ 200,
515 silly get   { server: 'CouchDB/1.5.0 (Erlang OTP/R16B03)',
515 silly get     etag: '"6EJ8X1FY5BMYA7WG2RHSUUOIK"',
515 silly get     'content-type': 'application/json',
515 silly get     'cache-control': 'max-age=300',
515 silly get     'content-length': '109660',
515 silly get     'accept-ranges': 'bytes',
515 silly get     date: 'Fri, 05 Feb 2016 10:22:24 GMT',
515 silly get     via: '1.1 varnish',
515 silly get     age: '78',
515 silly get     connection: 'keep-alive',
515 silly get     'x-served-by': 'cache-sjc3631-SJC',
515 silly get     'x-cache': 'HIT',
515 silly get     'x-cache-hits': '1',
515 silly get     'x-timer': 'S1454667744.202579,VS0,VE1',
515 silly get     vary: 'Accept' } ]
516 verbose get saving gulp to /home/zjp/.npm/registry.npmjs.org/gulp/.cache.json
517 silly resolveWithNewModule gulp@3.9.0 checking installable status
518 silly cache add args [ 'gulp@^3.9.0', null ]
519 verbose cache add spec gulp@^3.9.0
520 silly cache add parsed spec Result {
520 silly cache add   raw: 'gulp@^3.9.0',
520 silly cache add   scope: null,
520 silly cache add   name: 'gulp',
520 silly cache add   rawSpec: '^3.9.0',
520 silly cache add   spec: '>=3.9.0 <4.0.0',
520 silly cache add   type: 'range' }
521 silly addNamed gulp@>=3.9.0 <4.0.0
522 verbose addNamed ">=3.9.0 <4.0.0" is a valid semver range for gulp
523 silly addNameRange { name: 'gulp', range: '>=3.9.0 <4.0.0', hasData: false }
524 silly mapToRegistry name gulp
525 silly mapToRegistry using default registry
526 silly mapToRegistry registry https://registry.npmjs.org/
527 silly mapToRegistry uri https://registry.npmjs.org/gulp
528 verbose addNameRange registry:https://registry.npmjs.org/gulp not in flight; fetching
529 verbose get https://registry.npmjs.org/gulp not expired, no request
530 silly addNameRange number 2 { name: 'gulp', range: '>=3.9.0 <4.0.0', hasData: true }
531 silly addNameRange versions [ 'gulp',
531 silly addNameRange   [ '0.0.1',
531 silly addNameRange     '0.0.2',
531 silly addNameRange     '0.0.3',
531 silly addNameRange     '0.0.4',
531 silly addNameRange     '0.0.5',
531 silly addNameRange     '0.0.7',
531 silly addNameRange     '0.0.8',
531 silly addNameRange     '0.0.9',
531 silly addNameRange     '0.1.0',
531 silly addNameRange     '0.2.0',
531 silly addNameRange     '1.0.0',
531 silly addNameRange     '1.1.0',
531 silly addNameRange     '1.2.0',
531 silly addNameRange     '1.2.1',
531 silly addNameRange     '2.0.0',
531 silly addNameRange     '2.0.1',
531 silly addNameRange     '2.1.0',
531 silly addNameRange     '2.2.0',
531 silly addNameRange     '2.3.0',
531 silly addNameRange     '2.4.0',
531 silly addNameRange     '2.4.1',
531 silly addNameRange     '2.6.0',
531 silly addNameRange     '2.6.1',
531 silly addNameRange     '2.7.0',
531 silly addNameRange     '3.0.0',
531 silly addNameRange     '3.1.1',
531 silly addNameRange     '3.1.2',
531 silly addNameRange     '3.1.3',
531 silly addNameRange     '3.1.4',
531 silly addNameRange     '3.2.0',
531 silly addNameRange     '3.2.1',
531 silly addNameRange     '3.2.2',
531 silly addNameRange     '3.2.3',
531 silly addNameRange     '3.2.4',
531 silly addNameRange     '3.2.5',
531 silly addNameRange     '3.3.0',
531 silly addNameRange     '3.3.1',
531 silly addNameRange     '3.3.2',
531 silly addNameRange     '3.3.4',
531 silly addNameRange     '3.4.0',
531 silly addNameRange     '3.5.0',
531 silly addNameRange     '3.5.1',
531 silly addNameRange     '3.5.2',
531 silly addNameRange     '3.5.5',
531 silly addNameRange     '3.5.6',
531 silly addNameRange     '3.6.0',
531 silly addNameRange     '3.6.1',
531 silly addNameRange     '3.6.2',
531 silly addNameRange     '3.7.0',
531 silly addNameRange     '3.8.0',
531 silly addNameRange     '3.8.1',
531 silly addNameRange     '3.8.2',
531 silly addNameRange     '3.8.3',
531 silly addNameRange     '3.8.4',
531 silly addNameRange     '3.8.5',
531 silly addNameRange     '3.8.6',
531 silly addNameRange     '3.8.7',
531 silly addNameRange     '3.8.8',
531 silly addNameRange     '3.8.9',
531 silly addNameRange     '3.8.10',
531 silly addNameRange     '3.8.11',
531 silly addNameRange     '3.9.0' ] ]
532 silly addNamed gulp@3.9.0
533 verbose addNamed "3.9.0" is a plain semver version for gulp
534 silly cache afterAdd gulp@3.9.0
535 verbose afterAdd /home/zjp/.npm/gulp/3.9.0/package/package.json not in flight; writing
536 verbose afterAdd /home/zjp/.npm/gulp/3.9.0/package/package.json written
537 http 200 https://registry.npmjs.org/imagemin-pngquant
538 verbose headers { server: 'CouchDB/1.5.0 (Erlang OTP/R16B03)',
538 verbose headers   etag: '"4Z6DXCP4GCIZUZBGK6VGHFVI3"',
538 verbose headers   'content-type': 'application/json',
538 verbose headers   'cache-control': 'max-age=300',
538 verbose headers   'content-length': '24246',
538 verbose headers   'accept-ranges': 'bytes',
538 verbose headers   date: 'Fri, 05 Feb 2016 10:22:31 GMT',
538 verbose headers   via: '1.1 varnish',
538 verbose headers   age: '50',
538 verbose headers   connection: 'keep-alive',
538 verbose headers   'x-served-by': 'cache-sjc3623-SJC',
538 verbose headers   'x-cache': 'HIT',
538 verbose headers   'x-cache-hits': '1',
538 verbose headers   'x-timer': 'S1454667751.439109,VS0,VE0',
538 verbose headers   vary: 'Accept' }
539 silly get cb [ 200,
539 silly get   { server: 'CouchDB/1.5.0 (Erlang OTP/R16B03)',
539 silly get     etag: '"4Z6DXCP4GCIZUZBGK6VGHFVI3"',
539 silly get     'content-type': 'application/json',
539 silly get     'cache-control': 'max-age=300',
539 silly get     'content-length': '24246',
539 silly get     'accept-ranges': 'bytes',
539 silly get     date: 'Fri, 05 Feb 2016 10:22:31 GMT',
539 silly get     via: '1.1 varnish',
539 silly get     age: '50',
539 silly get     connection: 'keep-alive',
539 silly get     'x-served-by': 'cache-sjc3623-SJC',
539 silly get     'x-cache': 'HIT',
539 silly get     'x-cache-hits': '1',
539 silly get     'x-timer': 'S1454667751.439109,VS0,VE0',
539 silly get     vary: 'Accept' } ]
540 verbose get saving imagemin-pngquant to /home/zjp/.npm/registry.npmjs.org/imagemin-pngquant/.cache.json
541 silly resolveWithNewModule imagemin-pngquant@4.2.0 checking installable status
542 silly cache add args [ 'imagemin-pngquant@^4.2.0', null ]
543 verbose cache add spec imagemin-pngquant@^4.2.0
544 silly cache add parsed spec Result {
544 silly cache add   raw: 'imagemin-pngquant@^4.2.0',
544 silly cache add   scope: null,
544 silly cache add   name: 'imagemin-pngquant',
544 silly cache add   rawSpec: '^4.2.0',
544 silly cache add   spec: '>=4.2.0 <5.0.0',
544 silly cache add   type: 'range' }
545 silly addNamed imagemin-pngquant@>=4.2.0 <5.0.0
546 verbose addNamed ">=4.2.0 <5.0.0" is a valid semver range for imagemin-pngquant
547 silly addNameRange { name: 'imagemin-pngquant',
547 silly addNameRange   range: '>=4.2.0 <5.0.0',
547 silly addNameRange   hasData: false }
548 silly mapToRegistry name imagemin-pngquant
549 silly mapToRegistry using default registry
550 silly mapToRegistry registry https://registry.npmjs.org/
551 silly mapToRegistry uri https://registry.npmjs.org/imagemin-pngquant
552 verbose addNameRange registry:https://registry.npmjs.org/imagemin-pngquant not in flight; fetching
553 verbose get https://registry.npmjs.org/imagemin-pngquant not expired, no request
554 silly addNameRange number 2 { name: 'imagemin-pngquant',
554 silly addNameRange   range: '>=4.2.0 <5.0.0',
554 silly addNameRange   hasData: true }
555 silly addNameRange versions [ 'imagemin-pngquant',
555 silly addNameRange   [ '0.1.0',
555 silly addNameRange     '0.1.1',
555 silly addNameRange     '0.1.2',
555 silly addNameRange     '0.1.3',
555 silly addNameRange     '1.0.0',
555 silly addNameRange     '1.0.1',
555 silly addNameRange     '1.0.2',
555 silly addNameRange     '2.0.0',
555 silly addNameRange     '2.0.1',
555 silly addNameRange     '3.0.0',
555 silly addNameRange     '3.1.0',
555 silly addNameRange     '4.0.0',
555 silly addNameRange     '4.1.0',
555 silly addNameRange     '4.1.1',
555 silly addNameRange     '4.1.2',
555 silly addNameRange     '4.2.0' ] ]
556 silly addNamed imagemin-pngquant@4.2.0
557 verbose addNamed "4.2.0" is a plain semver version for imagemin-pngquant
558 silly cache afterAdd imagemin-pngquant@4.2.0
559 verbose afterAdd /home/zjp/.npm/imagemin-pngquant/4.2.0/package/package.json not in flight; writing
560 verbose afterAdd /home/zjp/.npm/imagemin-pngquant/4.2.0/package/package.json written
561 http 200 https://registry.npmjs.org/browser-sync
562 verbose headers { server: 'CouchDB/1.5.0 (Erlang OTP/R16B03)',
562 verbose headers   etag: '"A7NG77A4ODKBGUEODG8P7J4WD"',
562 verbose headers   'content-type': 'application/json',
562 verbose headers   'cache-control': 'max-age=300',
562 verbose headers   'content-length': '422246',
562 verbose headers   'accept-ranges': 'bytes',
562 verbose headers   date: 'Fri, 05 Feb 2016 10:22:25 GMT',
562 verbose headers   via: '1.1 varnish',
562 verbose headers   age: '0',
562 verbose headers   connection: 'keep-alive',
562 verbose headers   'x-served-by': 'cache-sjc3643-SJC',
562 verbose headers   'x-cache': 'HIT',
562 verbose headers   'x-cache-hits': '1',
562 verbose headers   'x-timer': 'S1454667745.466020,VS0,VE178',
562 verbose headers   vary: 'Accept' }
563 silly get cb [ 200,
563 silly get   { server: 'CouchDB/1.5.0 (Erlang OTP/R16B03)',
563 silly get     etag: '"A7NG77A4ODKBGUEODG8P7J4WD"',
563 silly get     'content-type': 'application/json',
563 silly get     'cache-control': 'max-age=300',
563 silly get     'content-length': '422246',
563 silly get     'accept-ranges': 'bytes',
563 silly get     date: 'Fri, 05 Feb 2016 10:22:25 GMT',
563 silly get     via: '1.1 varnish',
563 silly get     age: '0',
563 silly get     connection: 'keep-alive',
563 silly get     'x-served-by': 'cache-sjc3643-SJC',
563 silly get     'x-cache': 'HIT',
563 silly get     'x-cache-hits': '1',
563 silly get     'x-timer': 'S1454667745.466020,VS0,VE178',
563 silly get     vary: 'Accept' } ]
564 verbose get saving browser-sync to /home/zjp/.npm/registry.npmjs.org/browser-sync/.cache.json
565 silly resolveWithNewModule browser-sync@2.11.1 checking installable status
566 silly cache add args [ 'browser-sync@^2.11.1', null ]
567 verbose cache add spec browser-sync@^2.11.1
568 silly cache add parsed spec Result {
568 silly cache add   raw: 'browser-sync@^2.11.1',
568 silly cache add   scope: null,
568 silly cache add   name: 'browser-sync',
568 silly cache add   rawSpec: '^2.11.1',
568 silly cache add   spec: '>=2.11.1 <3.0.0',
568 silly cache add   type: 'range' }
569 silly addNamed browser-sync@>=2.11.1 <3.0.0
570 verbose addNamed ">=2.11.1 <3.0.0" is a valid semver range for browser-sync
571 silly addNameRange { name: 'browser-sync',
571 silly addNameRange   range: '>=2.11.1 <3.0.0',
571 silly addNameRange   hasData: false }
572 silly mapToRegistry name browser-sync
573 silly mapToRegistry using default registry
574 silly mapToRegistry registry https://registry.npmjs.org/
575 silly mapToRegistry uri https://registry.npmjs.org/browser-sync
576 verbose addNameRange registry:https://registry.npmjs.org/browser-sync not in flight; fetching
577 verbose get https://registry.npmjs.org/browser-sync not expired, no request
578 silly addNameRange number 2 { name: 'browser-sync', range: '>=2.11.1 <3.0.0', hasData: true }
579 silly addNameRange versions [ 'browser-sync',
579 silly addNameRange   [ '0.1.0',
579 silly addNameRange     '0.1.1',
579 silly addNameRange     '0.1.3',
579 silly addNameRange     '0.1.5',
579 silly addNameRange     '0.1.6',
579 silly addNameRange     '0.1.7',
579 silly addNameRange     '0.1.8',
579 silly addNameRange     '0.1.9',
579 silly addNameRange     '0.1.10',
579 silly addNameRange     '0.2.0',
579 silly addNameRange     '0.2.1',
579 silly addNameRange     '0.3.0',
579 silly addNameRange     '0.3.1',
579 silly addNameRange     '0.3.2',
579 silly addNameRange     '0.3.3',
579 silly addNameRange     '0.3.4',
579 silly addNameRange     '0.3.5',
579 silly addNameRange     '0.3.6',
579 silly addNameRange     '0.3.7',
579 silly addNameRange     '0.3.8',
579 silly addNameRange     '0.3.10',
579 silly addNameRange     '0.4.0',
579 silly addNameRange     '0.4.1',
579 silly addNameRange     '0.4.2',
579 silly addNameRange     '0.4.21',
579 silly addNameRange     '0.4.3',
579 silly addNameRange     '0.4.4',
579 silly addNameRange     '0.4.5',
579 silly addNameRange     '0.4.6',
579 silly addNameRange     '0.4.7',
579 silly addNameRange     '0.4.8',
579 silly addNameRange     '0.4.9',
579 silly addNameRange     '0.4.10',
579 silly addNameRange     '0.4.11',
579 silly addNameRange     '0.4.12',
579 silly addNameRange     '0.5.0',
579 silly addNameRange     '0.5.1',
579 silly addNameRange     '0.5.2',
579 silly addNameRange     '0.5.3',
579 silly addNameRange     '0.5.4',
579 silly addNameRange     '0.5.5',
579 silly addNameRange     '0.5.6',
579 silly addNameRange     '0.5.7',
579 silly addNameRange     '0.5.8',
579 silly addNameRange     '0.5.9',
579 silly addNameRange     '0.6.0',
579 silly addNameRange     '0.6.1',
579 silly addNameRange     '0.6.2',
579 silly addNameRange     '0.7.0',
579 silly addNameRange     '0.7.1',
579 silly addNameRange     '0.7.2',
579 silly addNameRange     '0.7.3',
579 silly addNameRange     '0.7.4',
579 silly addNameRange     '0.7.5',
579 silly addNameRange     '0.7.7',
579 silly addNameRange     '0.8.0',
579 silly addNameRange     '0.8.1',
579 silly addNameRange     '0.8.2',
579 silly addNameRange     '0.9.0',
579 silly addNameRange     '0.9.1',
579 silly addNameRange     '1.0.0',
579 silly addNameRange     '1.1.0',
579 silly addNameRange     '1.1.1',
579 silly addNameRange     '1.1.2',
579 silly addNameRange     '1.2.0',
579 silly addNameRange     '1.2.1',
579 silly addNameRange     '1.3.0',
579 silly addNameRange     '1.3.2',
579 silly addNameRange     '1.3.3',
579 silly addNameRange     '1.3.4',
579 silly addNameRange     '1.3.5',
579 silly addNameRange     '1.3.6',
579 silly addNameRange     '1.3.7',
579 silly addNameRange     '1.5.0',
579 silly addNameRange     '1.5.1',
579 silly addNameRange     '1.5.2',
579 silly addNameRange     '1.5.3',
579 silly addNameRange     '1.5.4',
579 silly addNameRange     '1.5.5',
579 silly addNameRange     '1.5.6',
579 silly addNameRange     '1.5.7',
579 silly addNameRange     '1.5.8',
579 silly addNameRange     '1.5.9',
579 silly addNameRange     '1.6.0',
579 silly addNameRange     '1.6.1',
579 silly addNameRange     '1.6.2',
579 silly addNameRange     '1.6.3',
579 silly addNameRange     '1.6.4',
579 silly addNameRange     '1.6.5',
579 silly addNameRange     '1.7.0',
579 silly addNameRange     '1.7.1',
579 silly addNameRange     '1.7.2',
579 silly addNameRange     '1.7.3',
579 silly addNameRange     '1.8.0',
579 silly addNameRange     '1.8.1',
579 silly addNameRange     '1.8.2',
579 silly addNameRange     '1.8.3',
579 silly addNameRange     '1.9.0',
579 silly addNameRange     '1.9.1',
579 silly addNameRange     '2.0.0-rc1',
579 silly addNameRange     '2.0.0-rc2',
579 silly addNameRange     '2.0.0-rc3',
579 silly addNameRange     '2.0.0-rc4',
579 silly addNameRange     '2.0.0-rc5',
579 silly addNameRange     '2.0.0-rc6',
579 silly addNameRange     '2.0.0-rc7',
579 silly addNameRange     '2.0.0-rc8',
579 silly addNameRange     '2.0.0-rc9',
579 silly addNameRange     '2.0.0-rc10',
579 silly addNameRange     '2.0.0',
579 silly addNameRange     '2.0.1',
579 silly addNameRange     '2.1.0',
579 silly addNameRange     '2.1.1',
579 silly addNameRange     '2.1.2',
579 silly addNameRange     '2.1.3',
579 silly addNameRange     '2.1.4',
579 silly addNameRange     '2.1.6',
579 silly addNameRange     '2.2.0',
579 silly addNameRange     '2.2.1',
579 silly addNameRange     '2.2.2',
579 silly addNameRange     '2.2.3',
579 silly addNameRange     '2.2.4',
579 silly addNameRange     '2.2.5',
579 silly addNameRange     '2.3.0',
579 silly addNameRange     '2.3.1',
579 silly addNameRange     '2.3.2',
579 silly addNameRange     '2.4.0',
579 silly addNameRange     '2.4.1',
579 silly addNameRange     '2.5.0',
579 silly addNameRange     '2.5.1',
579 silly addNameRange     '2.5.2',
579 silly addNameRange     '2.5.3',
579 silly addNameRange     '2.6.0',
579 silly addNameRange     '2.6.1',
579 silly addNameRange     '2.6.2',
579 silly addNameRange     '2.6.3',
579 silly addNameRange     '2.6.4',
579 silly addNameRange     '2.6.5',
579 silly addNameRange     '2.6.6',
579 silly addNameRange     '1.9.2',
579 silly addNameRange     '2.6.7',
579 silly addNameRange     '2.6.8',
579 silly addNameRange     '2.6.9',
579 silly addNameRange     '2.6.10',
579 silly addNameRange     '2.6.11',
579 silly addNameRange     '2.7.0',
579 silly addNameRange     '2.7.1',
579 silly addNameRange     '2.7.2',
579 silly addNameRange     '2.7.3',
579 silly addNameRange     '2.7.4',
579 silly addNameRange     '2.7.5',
579 silly addNameRange     '2.7.6',
579 silly addNameRange     '2.7.7',
579 silly addNameRange     '2.7.8',
579 silly addNameRange     '2.7.9',
579 silly addNameRange     '2.7.10',
579 silly addNameRange     '2.7.11',
579 silly addNameRange     '2.7.12',
579 silly addNameRange     '2.7.13',
579 silly addNameRange     '2.8.0',
579 silly addNameRange     '2.8.1',
579 silly addNameRange     '2.8.2',
579 silly addNameRange     '2.8.3',
579 silly addNameRange     '2.9.0',
579 silly addNameRange     '2.9.1',
579 silly addNameRange     '2.9.2',
579 silly addNameRange     '2.9.3',
579 silly addNameRange     '2.9.4',
579 silly addNameRange     '2.9.5',
579 silly addNameRange     '2.9.6',
579 silly addNameRange     '2.9.7',
579 silly addNameRange     '2.9.8',
579 silly addNameRange     '2.9.9',
579 silly addNameRange     '2.9.10',
579 silly addNameRange     '2.9.11',
579 silly addNameRange     '2.9.12',
579 silly addNameRange     '2.10.0',
579 silly addNameRange     '2.10.1',
579 silly addNameRange     '2.11.0',
579 silly addNameRange     '2.11.1' ] ]
580 silly addNamed browser-sync@2.11.1
581 verbose addNamed "2.11.1" is a plain semver version for browser-sync
582 silly cache afterAdd browser-sync@2.11.1
583 verbose afterAdd /home/zjp/.npm/browser-sync/2.11.1/package/package.json not in flight; writing
584 verbose afterAdd /home/zjp/.npm/browser-sync/2.11.1/package/package.json written
585 silly fetchAndShaCheck shasum 3136b68f8b6fa37423aacb8ec5e18a1ada7a2638
586 silly rollbackFailedOptional Starting
587 silly rollbackFailedOptional Finishing
588 silly runTopLevelLifecycles Starting
589 silly runTopLevelLifecycles Finishing
590 silly install printInstalled
591 verbose stack Error: shasum check failed for /tmp/npm-9311-ba2d4cc8/registry.npmjs.org/jshint/-/jshint-2.9.1.tgz
591 verbose stack Expected: 3136b68f8b6fa37423aacb8ec5e18a1ada7a2638
591 verbose stack Actual:   5f5de2610fdb8102c6af389aa959df18f07633bc
591 verbose stack From:     https://registry.npmjs.org/jshint/-/jshint-2.9.1.tgz
591 verbose stack     at /usr/local/src/node-v5.0.0-linux-x86/lib/node_modules/npm/node_modules/sha/index.js:25:8
591 verbose stack     at ReadStream.<anonymous> (/usr/local/src/node-v5.0.0-linux-x86/lib/node_modules/npm/node_modules/sha/index.js:72:7)
591 verbose stack     at emitNone (events.js:72:20)
591 verbose stack     at ReadStream.emit (events.js:166:7)
591 verbose stack     at endReadableNT (_stream_readable.js:905:12)
591 verbose stack     at doNTCallback2 (node.js:441:9)
591 verbose stack     at process._tickCallback (node.js:355:17)
592 verbose cwd /home/zjp/dev/jekyll/workspace/blog-jekyll
593 error Linux 3.13.0-32-generic
594 error argv "/usr/bin/nodejs" "/usr/local/bin/npm" "install"
595 error node v4.2.4
596 error npm  v3.3.6
597 error shasum check failed for /tmp/npm-9311-ba2d4cc8/registry.npmjs.org/jshint/-/jshint-2.9.1.tgz
597 error Expected: 3136b68f8b6fa37423aacb8ec5e18a1ada7a2638
597 error Actual:   5f5de2610fdb8102c6af389aa959df18f07633bc
597 error From:     https://registry.npmjs.org/jshint/-/jshint-2.9.1.tgz
598 error If you need help, you may report this error at:
598 error     <https://github.com/npm/npm/issues>
599 verbose exit [ 1, true ]
